0 verbose cli C:\Program Files\nodejs\node.exe C:\Users\hp\AppData\Roaming\npm\node_modules\npm\bin\npm-cli.js
1 info using npm@11.4.0
2 info using node@v22.11.0
3 silly config load:file:C:\Users\hp\AppData\Roaming\npm\node_modules\npm\npmrc
4 silly config load:file:C:\Users\hp\OneDrive - Nigerian National Petroleum Company Limited\Documents\eta_project\.npmrc
5 silly config load:file:C:\Users\hp\.npmrc
6 silly config load:file:C:\Users\hp\AppData\Roaming\npm\etc\npmrc
7 verbose title npm i @fortawesome/react-fontawesome@latest
8 verbose argv "i" "--save" "@fortawesome/react-fontawesome@latest"
9 verbose logfile logs-max:10 dir:C:\Users\hp\OneDrive - Nigerian National Petroleum Company Limited\Documents\eta_project\clean\_logs\2025-05-21T01_32_31_715Z-
10 verbose logfile C:\Users\hp\OneDrive - Nigerian National Petroleum Company Limited\Documents\eta_project\clean\_logs\2025-05-21T01_32_31_715Z-debug-0.log
11 silly logfile start cleaning logs, removing 1 files
12 silly packumentCache heap:2197815296 maxSize:549453824 maxEntrySize:274726912
13 silly logfile done cleaning log files
14 silly packumentCache corgi:https://registry.npmjs.org/@fortawesome%2freact-fontawesome cache-miss
15 verbose shrinkwrap failed to load node_modules/.package-lock.json out of date, updated: node_modules/@fortawesome
16 http fetch GET 200 https://registry.npmjs.org/@fortawesome%2freact-fontawesome 3474ms (cache miss)
17 silly packumentCache corgi:https://registry.npmjs.org/@fortawesome%2freact-fontawesome set size:undefined disposed:false
18 silly idealTree buildDeps
19 silly fetch manifest @fortawesome/react-fontawesome@0.2.2
20 silly packumentCache full:https://registry.npmjs.org/@fortawesome%2freact-fontawesome cache-miss
21 http fetch GET 200 https://registry.npmjs.org/@fortawesome%2freact-fontawesome 380ms (cache miss)
22 silly packumentCache full:https://registry.npmjs.org/@fortawesome%2freact-fontawesome set size:undefined disposed:false
23 silly fetch manifest @fortawesome/fontawesome-svg-core@^6.7.2
24 silly packumentCache full:https://registry.npmjs.org/@fortawesome%2ffontawesome-svg-core cache-miss
25 http cache https://registry.npmjs.org/@fortawesome%2ffontawesome-svg-core 18ms (cache hit)
26 silly packumentCache full:https://registry.npmjs.org/@fortawesome%2ffontawesome-svg-core set size:251809 disposed:false
27 silly fetch manifest react@^19.1.0
28 silly packumentCache full:https://registry.npmjs.org/react cache-miss
29 http fetch GET 200 https://registry.npmjs.org/react 1571ms (cache updated)
30 silly packumentCache full:https://registry.npmjs.org/react set size:undefined disposed:false
31 silly placeDep ROOT @fortawesome/react-fontawesome@0.2.2 OK for: eta_project@0.1.0 want: 0.2.2
32 silly reify mark retired [
32 silly reify   'C:\\Users\\hp\\OneDrive - Nigerian National Petroleum Company Limited\\Documents\\eta_project\\node_modules\\@fortawesome\\free-regular-svg-icons'
32 silly reify ]
33 silly reify moves {
33 silly reify   'C:\\Users\\hp\\OneDrive - Nigerian National Petroleum Company Limited\\Documents\\eta_project\\node_modules\\@fortawesome\\free-regular-svg-icons': 'C:\\Users\\hp\\OneDrive - Nigerian National Petroleum Company Limited\\Documents\\eta_project\\node_modules\\@fortawesome\\.free-regular-svg-icons-dRt0Os9g'
33 silly reify }
34 verbose reify failed optional dependency C:\Users\hp\OneDrive - Nigerian National Petroleum Company Limited\Documents\eta_project\node_modules\@tailwindcss\oxide-wasm32-wasi
35 silly reify mark deleted [
35 silly reify   'C:\\Users\\hp\\OneDrive - Nigerian National Petroleum Company Limited\\Documents\\eta_project\\node_modules\\@tailwindcss\\oxide-wasm32-wasi'
35 silly reify ]
36 silly audit bulk request {
36 silly audit   '@alloc/quick-lru': [ '5.2.0' ],
36 silly audit   '@ampproject/remapping': [ '2.3.0' ],
36 silly audit   '@date-fns/tz': [ '1.2.0' ],
36 silly audit   '@emnapi/core': [ '1.4.3' ],
36 silly audit   '@emnapi/runtime': [ '1.4.3' ],
36 silly audit   '@emnapi/wasi-threads': [ '1.0.2' ],
36 silly audit   '@esbuild/aix-ppc64': [ '0.25.4' ],
36 silly audit   '@esbuild/android-arm': [ '0.25.4' ],
36 silly audit   '@esbuild/android-arm64': [ '0.25.4' ],
36 silly audit   '@esbuild/android-x64': [ '0.25.4' ],
36 silly audit   '@esbuild/darwin-arm64': [ '0.25.4' ],
36 silly audit   '@esbuild/darwin-x64': [ '0.25.4' ],
36 silly audit   '@esbuild/freebsd-arm64': [ '0.25.4' ],
36 silly audit   '@esbuild/freebsd-x64': [ '0.25.4' ],
36 silly audit   '@esbuild/linux-arm': [ '0.25.4' ],
36 silly audit   '@esbuild/linux-arm64': [ '0.25.4' ],
36 silly audit   '@esbuild/linux-ia32': [ '0.25.4' ],
36 silly audit   '@esbuild/linux-loong64': [ '0.25.4' ],
36 silly audit   '@esbuild/linux-mips64el': [ '0.25.4' ],
36 silly audit   '@esbuild/linux-ppc64': [ '0.25.4' ],
36 silly audit   '@esbuild/linux-riscv64': [ '0.25.4' ],
36 silly audit   '@esbuild/linux-s390x': [ '0.25.4' ],
36 silly audit   '@esbuild/linux-x64': [ '0.25.4' ],
36 silly audit   '@esbuild/netbsd-arm64': [ '0.25.4' ],
36 silly audit   '@esbuild/netbsd-x64': [ '0.25.4' ],
36 silly audit   '@esbuild/openbsd-arm64': [ '0.25.4' ],
36 silly audit   '@esbuild/openbsd-x64': [ '0.25.4' ],
36 silly audit   '@esbuild/sunos-x64': [ '0.25.4' ],
36 silly audit   '@esbuild/win32-arm64': [ '0.25.4' ],
36 silly audit   '@esbuild/win32-ia32': [ '0.25.4' ],
36 silly audit   '@esbuild/win32-x64': [ '0.25.4' ],
36 silly audit   '@eslint-community/eslint-utils': [ '4.7.0' ],
36 silly audit   'eslint-visitor-keys': [ '3.4.3', '4.2.0' ],
36 silly audit   '@eslint-community/regexpp': [ '4.12.1' ],
36 silly audit   '@eslint/config-array': [ '0.20.0' ],
36 silly audit   'brace-expansion': [ '1.1.11', '2.0.1' ],
36 silly audit   minimatch: [ '3.1.2', '9.0.5' ],
36 silly audit   '@eslint/config-helpers': [ '0.2.2' ],
36 silly audit   '@eslint/core': [ '0.14.0' ],
36 silly audit   '@eslint/eslintrc': [ '3.3.1' ],
36 silly audit   globals: [ '14.0.0', '15.15.0' ],
36 silly audit   '@eslint/js': [ '9.27.0' ],
36 silly audit   '@eslint/object-schema': [ '2.1.6' ],
36 silly audit   '@eslint/plugin-kit': [ '0.3.1' ],
36 silly audit   '@floating-ui/core': [ '1.7.0' ],
36 silly audit   '@floating-ui/dom': [ '1.7.0' ],
36 silly audit   '@floating-ui/react-dom': [ '2.1.2' ],
36 silly audit   '@floating-ui/utils': [ '0.2.9' ],
36 silly audit   '@fortawesome/fontawesome-common-types': [ '6.7.2' ],
36 silly audit   '@fortawesome/fontawesome-svg-core': [ '6.7.2' ],
36 silly audit   '@fortawesome/free-solid-svg-icons': [ '6.7.2' ],
36 silly audit   '@heroicons/react': [ '2.2.0' ],
36 silly audit   '@hugeicons/react': [ '1.0.5' ],
36 silly audit   '@humanfs/core': [ '0.19.1' ],
36 silly audit   '@humanfs/node': [ '0.16.6' ],
36 silly audit   '@humanwhocodes/retry': [ '0.3.1', '0.4.3' ],
36 silly audit   '@humanwhocodes/module-importer': [ '1.0.1' ],
36 silly audit   '@img/sharp-darwin-arm64': [ '0.34.1' ],
36 silly audit   '@img/sharp-darwin-x64': [ '0.34.1' ],
36 silly audit   '@img/sharp-libvips-darwin-arm64': [ '1.1.0' ],
36 silly audit   '@img/sharp-libvips-darwin-x64': [ '1.1.0' ],
36 silly audit   '@img/sharp-libvips-linux-arm': [ '1.1.0' ],
36 silly audit   '@img/sharp-libvips-linux-arm64': [ '1.1.0' ],
36 silly audit   '@img/sharp-libvips-linux-ppc64': [ '1.1.0' ],
36 silly audit   '@img/sharp-libvips-linux-s390x': [ '1.1.0' ],
36 silly audit   '@img/sharp-libvips-linux-x64': [ '1.1.0' ],
36 silly audit   '@img/sharp-libvips-linuxmusl-arm64': [ '1.1.0' ],
36 silly audit   '@img/sharp-libvips-linuxmusl-x64': [ '1.1.0' ],
36 silly audit   '@img/sharp-linux-arm': [ '0.34.1' ],
36 silly audit   '@img/sharp-linux-arm64': [ '0.34.1' ],
36 silly audit   '@img/sharp-linux-s390x': [ '0.34.1' ],
36 silly audit   '@img/sharp-linux-x64': [ '0.34.1' ],
36 silly audit   '@img/sharp-linuxmusl-arm64': [ '0.34.1' ],
36 silly audit   '@img/sharp-linuxmusl-x64': [ '0.34.1' ],
36 silly audit   '@img/sharp-wasm32': [ '0.34.1' ],
36 silly audit   '@img/sharp-win32-ia32': [ '0.34.1' ],
36 silly audit   '@img/sharp-win32-x64': [ '0.34.1' ],
36 silly audit   '@isaacs/fs-minipass': [ '4.0.1' ],
36 silly audit   '@jridgewell/gen-mapping': [ '0.3.8' ],
36 silly audit   '@jridgewell/resolve-uri': [ '3.1.2' ],
36 silly audit   '@jridgewell/set-array': [ '1.2.1' ],
36 silly audit   '@jridgewell/sourcemap-codec': [ '1.5.0' ],
36 silly audit   '@jridgewell/trace-mapping': [ '0.3.25' ],
36 silly audit   '@kurkle/color': [ '0.3.4' ],
36 silly audit   '@napi-rs/wasm-runtime': [ '0.2.10' ],
36 silly audit   '@next/env': [ '15.3.2' ],
36 silly audit   '@next/eslint-plugin-next': [ '15.3.2' ],
36 silly audit   'fast-glob': [ '3.3.1', '3.3.3' ],
36 silly audit   '@next/swc-darwin-arm64': [ '15.3.2' ],
36 silly audit   '@next/swc-darwin-x64': [ '15.3.2' ],
36 silly audit   '@next/swc-linux-arm64-gnu': [ '15.3.2' ],
36 silly audit   '@next/swc-linux-arm64-musl': [ '15.3.2' ],
36 silly audit   '@next/swc-linux-x64-gnu': [ '15.3.2' ],
36 silly audit   '@next/swc-linux-x64-musl': [ '15.3.2' ],
36 silly audit   '@next/swc-win32-arm64-msvc': [ '15.3.2' ],
36 silly audit   '@next/swc-win32-x64-msvc': [ '15.3.2' ],
36 silly audit   '@nodelib/fs.scandir': [ '2.1.5' ],
36 silly audit   '@nodelib/fs.stat': [ '2.0.5' ],
36 silly audit   '@nodelib/fs.walk': [ '1.2.8' ],
36 silly audit   '@nolyfill/is-core-module': [ '1.0.39' ],
36 silly audit   '@polka/url': [ '1.0.0-next.29' ],
36 silly audit   '@radix-ui/number': [ '1.1.1' ],
36 silly audit   '@radix-ui/primitive': [ '1.1.2' ],
36 silly audit   '@radix-ui/react-alert-dialog': [ '1.1.13' ],
36 silly audit   '@radix-ui/react-dialog': [ '1.1.13', '1.1.14' ],
36 silly audit   '@radix-ui/react-arrow': [ '1.1.6' ],
36 silly audit   '@radix-ui/react-avatar': [ '1.1.9' ],
36 silly audit   '@radix-ui/react-collection': [ '1.1.6' ],
36 silly audit   '@radix-ui/react-compose-refs': [ '1.1.2' ],
36 silly audit   '@radix-ui/react-context': [ '1.1.2' ],
36 silly audit   '@radix-ui/react-dismissable-layer': [ '1.1.10', '1.1.9' ],
36 silly audit   '@radix-ui/react-focus-scope': [ '1.1.7', '1.1.6' ],
36 silly audit   '@radix-ui/react-portal': [ '1.1.9', '1.1.8' ],
36 silly audit   '@radix-ui/react-primitive': [ '2.1.3', '2.1.2' ],
36 silly audit   '@radix-ui/react-slot': [ '1.2.3', '1.2.2' ],
36 silly audit   '@radix-ui/react-direction': [ '1.1.1' ],
36 silly audit   '@radix-ui/react-dropdown-menu': [ '2.1.14' ],
36 silly audit   '@radix-ui/react-focus-guards': [ '1.1.2' ],
36 silly audit   '@radix-ui/react-id': [ '1.1.1' ],
36 silly audit   '@radix-ui/react-label': [ '2.1.6' ],
36 silly audit   '@radix-ui/react-menu': [ '2.1.14' ],
36 silly audit   '@radix-ui/react-popover': [ '1.1.13' ],
36 silly audit   '@radix-ui/react-popper': [ '1.2.6' ],
36 silly audit   '@radix-ui/react-presence': [ '1.1.4' ],
36 silly audit   '@radix-ui/react-roving-focus': [ '1.1.9' ],
36 silly audit   '@radix-ui/react-select': [ '2.2.4' ],
36 silly audit   '@radix-ui/react-use-callback-ref': [ '1.1.1' ],
36 silly audit   '@radix-ui/react-use-controllable-state': [ '1.2.2' ],
36 silly audit   '@radix-ui/react-use-effect-event': [ '0.0.2' ],
36 silly audit   '@radix-ui/react-use-escape-keydown': [ '1.1.1' ],
36 silly audit   '@radix-ui/react-use-is-hydrated': [ '0.1.0' ],
36 silly audit   '@radix-ui/react-use-layout-effect': [ '1.1.1' ],
36 silly audit   '@radix-ui/react-use-previous': [ '1.1.1' ],
36 silly audit   '@radix-ui/react-use-rect': [ '1.1.1' ],
36 silly audit   '@radix-ui/react-use-size': [ '1.1.1' ],
36 silly audit   '@radix-ui/react-visually-hidden': [ '1.2.2' ],
36 silly audit   '@radix-ui/rect': [ '1.1.1' ],
36 silly audit   '@reduxjs/toolkit': [ '2.8.2' ],
36 silly audit   '@rollup/rollup-android-arm-eabi': [ '4.41.0' ],
36 silly audit   '@rollup/rollup-android-arm64': [ '4.41.0' ],
36 silly audit   '@rollup/rollup-darwin-arm64': [ '4.41.0' ],
36 silly audit   '@rollup/rollup-darwin-x64': [ '4.41.0' ],
36 silly audit   '@rollup/rollup-freebsd-arm64': [ '4.41.0' ],
36 silly audit   '@rollup/rollup-freebsd-x64': [ '4.41.0' ],
36 silly audit   '@rollup/rollup-linux-arm-gnueabihf': [ '4.41.0' ],
36 silly audit   '@rollup/rollup-linux-arm-musleabihf': [ '4.41.0' ],
36 silly audit   '@rollup/rollup-linux-arm64-gnu': [ '4.41.0' ],
36 silly audit   '@rollup/rollup-linux-arm64-musl': [ '4.41.0' ],
36 silly audit   '@rollup/rollup-linux-loongarch64-gnu': [ '4.41.0' ],
36 silly audit   '@rollup/rollup-linux-powerpc64le-gnu': [ '4.41.0' ],
36 silly audit   '@rollup/rollup-linux-riscv64-gnu': [ '4.41.0' ],
36 silly audit   '@rollup/rollup-linux-riscv64-musl': [ '4.41.0' ],
36 silly audit   '@rollup/rollup-linux-s390x-gnu': [ '4.41.0' ],
36 silly audit   '@rollup/rollup-linux-x64-gnu': [ '4.41.0' ],
36 silly audit   '@rollup/rollup-linux-x64-musl': [ '4.41.0' ],
36 silly audit   '@rollup/rollup-win32-arm64-msvc': [ '4.41.0' ],
36 silly audit   '@rollup/rollup-win32-ia32-msvc': [ '4.41.0' ],
36 silly audit   '@rollup/rollup-win32-x64-msvc': [ '4.41.0' ],
36 silly audit   '@rtsao/scc': [ '1.1.0' ],
36 silly audit   '@rushstack/eslint-patch': [ '1.11.0' ],
36 silly audit   '@standard-schema/spec': [ '1.0.0' ],
36 silly audit   '@standard-schema/utils': [ '0.3.0' ],
36 silly audit   '@swc/core': [ '1.11.24' ],
36 silly audit   '@swc/core-darwin-arm64': [ '1.11.24' ],
36 silly audit   '@swc/core-darwin-x64': [ '1.11.24' ],
36 silly audit   '@swc/core-linux-arm-gnueabihf': [ '1.11.24' ],
36 silly audit   '@swc/core-linux-arm64-gnu': [ '1.11.24' ],
36 silly audit   '@swc/core-linux-arm64-musl': [ '1.11.24' ],
36 silly audit   '@swc/core-linux-x64-gnu': [ '1.11.24' ],
36 silly audit   '@swc/core-linux-x64-musl': [ '1.11.24' ],
36 silly audit   '@swc/core-win32-arm64-msvc': [ '1.11.24' ],
36 silly audit   '@swc/core-win32-ia32-msvc': [ '1.11.24' ],
36 silly audit   '@swc/core-win32-x64-msvc': [ '1.11.24' ],
36 silly audit   '@swc/counter': [ '0.1.3' ],
36 silly audit   '@swc/types': [ '0.1.21' ],
36 silly audit   '@tailwindcss/node': [ '4.1.7' ],
36 silly audit   '@tailwindcss/oxide': [ '4.1.7' ],
36 silly audit   '@tailwindcss/oxide-android-arm64': [ '4.1.7' ],
36 silly audit   '@tailwindcss/oxide-darwin-arm64': [ '4.1.7' ],
36 silly audit   '@tailwindcss/oxide-darwin-x64': [ '4.1.7' ],
36 silly audit   '@tailwindcss/oxide-freebsd-x64': [ '4.1.7' ],
36 silly audit   '@tailwindcss/oxide-linux-arm-gnueabihf': [ '4.1.7' ],
36 silly audit   '@tailwindcss/oxide-linux-arm64-gnu': [ '4.1.7' ],
36 silly audit   '@tailwindcss/oxide-linux-arm64-musl': [ '4.1.7' ],
36 silly audit   '@tailwindcss/oxide-linux-x64-gnu': [ '4.1.7' ],
36 silly audit   '@tailwindcss/oxide-linux-x64-musl': [ '4.1.7' ],
36 silly audit   '@tailwindcss/oxide-win32-arm64-msvc': [ '4.1.7' ],
36 silly audit   '@tailwindcss/oxide-win32-x64-msvc': [ '4.1.7' ],
36 silly audit   '@tailwindcss/postcss': [ '4.1.7' ],
36 silly audit   '@tailwindcss/vite': [ '4.1.7' ],
36 silly audit   '@tinyhttp/accepts': [ '2.2.3' ],
36 silly audit   '@tinyhttp/app': [ '2.5.2' ],
36 silly audit   '@tinyhttp/content-disposition': [ '2.2.2' ],
36 silly audit   '@tinyhttp/content-type': [ '0.1.4' ],
36 silly audit   '@tinyhttp/cookie': [ '2.1.1' ],
36 silly audit   '@tinyhttp/cookie-signature': [ '2.1.1' ],
36 silly audit   '@tinyhttp/cors': [ '2.0.1' ],
36 silly audit   '@tinyhttp/encode-url': [ '2.1.1' ],
36 silly audit   '@tinyhttp/etag': [ '2.1.2' ],
36 silly audit   '@tinyhttp/forwarded': [ '2.1.2' ],
36 silly audit   '@tinyhttp/logger': [ '2.1.0' ],
36 silly audit   '@tinyhttp/proxy-addr': [ '2.2.1' ],
36 silly audit   '@tinyhttp/req': [ '2.2.5' ],
36 silly audit   '@tinyhttp/res': [ '2.2.5' ],
36 silly audit   '@tinyhttp/router': [ '2.2.3' ],
36 silly audit   '@tinyhttp/send': [ '2.2.3' ],
36 silly audit   '@tinyhttp/type-is': [ '2.2.4' ],
36 silly audit   '@tinyhttp/url': [ '2.1.1' ],
36 silly audit   '@tinyhttp/vary': [ '0.1.3' ],
36 silly audit   '@tybys/wasm-util': [ '0.9.0' ],
36 silly audit   '@types/estree': [ '1.0.7' ],
36 silly audit   '@types/json-schema': [ '7.0.15' ],
36 silly audit   '@types/json5': [ '0.0.29' ],
36 silly audit   '@types/node': [ '20.17.48' ],
36 silly audit   '@types/react': [ '19.1.4' ],
36 silly audit   '@types/react-dom': [ '19.1.5' ],
36 silly audit   '@types/use-sync-external-store': [ '0.0.6' ],
36 silly audit   '@types/uuid': [ '10.0.0' ],
36 silly audit   '@typescript-eslint/eslint-plugin': [ '8.32.1' ],
36 silly audit   ignore: [ '7.0.4', '5.3.2' ],
36 silly audit   '@typescript-eslint/parser': [ '8.32.1' ],
36 silly audit   '@typescript-eslint/scope-manager': [ '8.32.1' ],
36 silly audit   '@typescript-eslint/type-utils': [ '8.32.1' ],
36 silly audit   '@typescript-eslint/types': [ '8.32.1' ],
36 silly audit   '@typescript-eslint/typescript-estree': [ '8.32.1' ],
36 silly audit   semver: [ '7.7.2', '6.3.1' ],
36 silly audit   '@typescript-eslint/utils': [ '8.32.1' ],
36 silly audit   '@typescript-eslint/visitor-keys': [ '8.32.1' ],
36 silly audit   '@unrs/resolver-binding-darwin-arm64': [ '1.7.2' ],
36 silly audit   '@unrs/resolver-binding-darwin-x64': [ '1.7.2' ],
36 silly audit   '@unrs/resolver-binding-freebsd-x64': [ '1.7.2' ],
36 silly audit   '@unrs/resolver-binding-linux-arm-gnueabihf': [ '1.7.2' ],
36 silly audit   '@unrs/resolver-binding-linux-arm-musleabihf': [ '1.7.2' ],
36 silly audit   '@unrs/resolver-binding-linux-arm64-gnu': [ '1.7.2' ],
36 silly audit   '@unrs/resolver-binding-linux-arm64-musl': [ '1.7.2' ],
36 silly audit   '@unrs/resolver-binding-linux-ppc64-gnu': [ '1.7.2' ],
36 silly audit   '@unrs/resolver-binding-linux-riscv64-gnu': [ '1.7.2' ],
36 silly audit   '@unrs/resolver-binding-linux-riscv64-musl': [ '1.7.2' ],
36 silly audit   '@unrs/resolver-binding-linux-s390x-gnu': [ '1.7.2' ],
36 silly audit   '@unrs/resolver-binding-linux-x64-gnu': [ '1.7.2' ],
36 silly audit   '@unrs/resolver-binding-linux-x64-musl': [ '1.7.2' ],
36 silly audit   '@unrs/resolver-binding-wasm32-wasi': [ '1.7.2' ],
36 silly audit   '@unrs/resolver-binding-win32-arm64-msvc': [ '1.7.2' ],
36 silly audit   '@unrs/resolver-binding-win32-ia32-msvc': [ '1.7.2' ],
36 silly audit   '@unrs/resolver-binding-win32-x64-msvc': [ '1.7.2' ],
36 silly audit   '@vitejs/plugin-react-swc': [ '3.9.0' ],
36 silly audit   acorn: [ '8.14.1' ],
36 silly audit   'acorn-jsx': [ '5.3.2' ],
36 silly audit   ajv: [ '6.12.6' ],
36 silly audit   'ansi-styles': [ '4.3.0' ],
36 silly audit   argparse: [ '2.0.1' ],
36 silly audit   'aria-hidden': [ '1.2.6' ],
36 silly audit   'aria-query': [ '5.3.2' ],
36 silly audit   'array-buffer-byte-length': [ '1.0.2' ],
36 silly audit   'array-includes': [ '3.1.8' ],
36 silly audit   'array.prototype.findlast': [ '1.2.5' ],
36 silly audit   'array.prototype.findlastindex': [ '1.2.6' ],
36 silly audit   'array.prototype.flat': [ '1.3.3' ],
36 silly audit   'array.prototype.flatmap': [ '1.3.3' ],
36 silly audit   'array.prototype.tosorted': [ '1.1.4' ],
36 silly audit   'arraybuffer.prototype.slice': [ '1.0.4' ],
36 silly audit   'ast-types-flow': [ '0.0.8' ],
36 silly audit   'async-function': [ '1.0.0' ],
36 silly audit   autoprefixer: [ '10.4.21' ],
36 silly audit   'available-typed-arrays': [ '1.0.7' ],
36 silly audit   'axe-core': [ '4.10.3' ],
36 silly audit   'axobject-query': [ '4.1.0' ],
36 silly audit   'balanced-match': [ '1.0.2' ],
36 silly audit   braces: [ '3.0.3' ],
36 silly audit   browserslist: [ '4.24.5' ],
36 silly audit   busboy: [ '1.6.0' ],
36 silly audit   'call-bind': [ '1.0.8' ],
36 silly audit   'call-bind-apply-helpers': [ '1.0.2' ],
36 silly audit   'call-bound': [ '1.0.4' ],
36 silly audit   callsites: [ '3.1.0' ],
36 silly audit   'caniuse-lite': [ '1.0.30001718' ],
36 silly audit   chalk: [ '5.4.1', '4.1.2' ],
36 silly audit   'chart.js': [ '4.4.9' ],
36 silly audit   chokidar: [ '4.0.3' ],
36 silly audit   chownr: [ '3.0.0' ],
36 silly audit   'class-variance-authority': [ '0.7.1' ],
36 silly audit   'client-only': [ '0.0.1' ],
36 silly audit   clsx: [ '2.1.1' ],
36 silly audit   color: [ '4.2.3' ],
36 silly audit   'color-convert': [ '2.0.1' ],
36 silly audit   'color-name': [ '1.1.4' ],
36 silly audit   'color-string': [ '1.9.1' ],
36 silly audit   colorette: [ '2.0.20' ],
36 silly audit   'concat-map': [ '0.0.1' ],
36 silly audit   'cross-spawn': [ '7.0.6' ],
36 silly audit   csstype: [ '3.1.3' ],
36 silly audit   daisyui: [ '5.0.35' ],
36 silly audit   'damerau-levenshtein': [ '1.0.8' ],
36 silly audit   'data-view-buffer': [ '1.0.2' ],
36 silly audit   'data-view-byte-length': [ '1.0.2' ],
36 silly audit   'data-view-byte-offset': [ '1.0.1' ],
36 silly audit   'date-fns': [ '4.1.0' ],
36 silly audit   'date-fns-jalali': [ '4.1.0-0' ],
36 silly audit   dayjs: [ '1.11.13' ],
36 silly audit   debug: [ '4.4.1', '3.2.7' ],
36 silly audit   'deep-is': [ '0.1.4' ],
36 silly audit   'define-data-property': [ '1.1.4' ],
36 silly audit   'define-properties': [ '1.2.1' ],
36 silly audit   'detect-libc': [ '2.0.4' ],
36 silly audit   'detect-node-es': [ '1.1.0' ],
36 silly audit   doctrine: [ '2.1.0' ],
36 silly audit   'dot-prop': [ '9.0.0' ],
36 silly audit   'dunder-proto': [ '1.0.1' ],
36 silly audit   'electron-to-chromium': [ '1.5.155' ],
36 silly audit   'emoji-picker-react': [ '4.12.2' ],
36 silly audit   'enhanced-resolve': [ '5.18.1' ],
36 silly audit   'es-abstract': [ '1.23.9' ],
36 silly audit   'es-define-property': [ '1.0.1' ],
36 silly audit   'es-errors': [ '1.3.0' ],
36 silly audit   'es-escape-html': [ '0.1.1' ],
36 silly audit   'es-iterator-helpers': [ '1.2.1' ],
36 silly audit   'es-object-atoms': [ '1.1.1' ],
36 silly audit   'es-set-tostringtag': [ '2.1.0' ],
36 silly audit   'es-shim-unscopables': [ '1.1.0' ],
36 silly audit   'es-to-primitive': [ '1.3.0' ],
36 silly audit   esbuild: [ '0.25.4' ],
36 silly audit   escalade: [ '3.2.0' ],
36 silly audit   'escape-string-regexp': [ '4.0.0' ],
36 silly audit   eslint: [ '9.27.0' ],
36 silly audit   'eslint-config-next': [ '15.3.2' ],
36 silly audit   'eslint-import-resolver-node': [ '0.3.9' ],
36 silly audit   'eslint-import-resolver-typescript': [ '3.10.1' ],
36 silly audit   'eslint-module-utils': [ '2.12.0' ],
36 silly audit   'eslint-plugin-import': [ '2.31.0' ],
36 silly audit   json5: [ '1.0.2', '2.2.3' ],
36 silly audit   'tsconfig-paths': [ '3.15.0' ],
36 silly audit   'eslint-plugin-jsx-a11y': [ '6.10.2' ],
36 silly audit   'emoji-regex': [ '9.2.2' ],
36 silly audit   'eslint-plugin-react': [ '7.37.5' ],
36 silly audit   'eslint-plugin-react-hooks': [ '5.2.0' ],
36 silly audit   'eslint-plugin-react-refresh': [ '0.4.20' ],
36 silly audit   resolve: [ '2.0.0-next.5', '1.22.10' ],
36 silly audit   'eslint-scope': [ '8.3.0' ],
36 silly audit   'glob-parent': [ '6.0.2', '5.1.2' ],
36 silly audit   espree: [ '10.3.0' ],
36 silly audit   esquery: [ '1.6.0' ],
36 silly audit   esrecurse: [ '4.3.0' ],
36 silly audit   estraverse: [ '5.3.0' ],
36 silly audit   esutils: [ '2.0.3' ],
36 silly audit   eta: [ '3.5.0' ],
36 silly audit   'fast-deep-equal': [ '3.1.3' ],
36 silly audit   'fast-json-stable-stringify': [ '2.1.0' ],
36 silly audit   'fast-levenshtein': [ '2.0.6' ],
36 silly audit   fastq: [ '1.19.1' ],
36 silly audit   'file-entry-cache': [ '8.0.0' ],
36 silly audit   'fill-range': [ '7.1.1' ],
36 silly audit   'find-up': [ '5.0.0' ],
36 silly audit   flairup: [ '1.0.0' ],
36 silly audit   'flat-cache': [ '4.0.1' ],
36 silly audit   flatted: [ '3.3.3' ],
36 silly audit   'for-each': [ '0.3.5' ],
36 silly audit   'fraction.js': [ '4.3.7' ],
36 silly audit   'framer-motion': [ '12.12.1' ],
36 silly audit   fsevents: [ '2.3.3' ],
36 silly audit   'function-bind': [ '1.1.2' ],
36 silly audit   'function.prototype.name': [ '1.1.8' ],
36 silly audit   'functions-have-names': [ '1.2.3' ],
36 silly audit   'get-intrinsic': [ '1.3.0' ],
36 silly audit   'get-nonce': [ '1.0.1' ],
36 silly audit   'get-proto': [ '1.0.1' ],
36 silly audit   'get-symbol-description': [ '1.1.0' ],
36 silly audit   'get-tsconfig': [ '4.10.0' ],
36 silly audit   globalthis: [ '1.0.4' ],
36 silly audit   gopd: [ '1.2.0' ],
36 silly audit   'graceful-fs': [ '4.2.11' ],
36 silly audit   graphemer: [ '1.4.0' ],
36 silly audit   'has-bigints': [ '1.1.0' ],
36 silly audit   'has-flag': [ '4.0.0' ],
36 silly audit   'has-property-descriptors': [ '1.0.2' ],
36 silly audit   'has-proto': [ '1.2.0' ],
36 silly audit   'has-symbols': [ '1.1.0' ],
36 silly audit   'has-tostringtag': [ '1.0.2' ],
36 silly audit   hasown: [ '2.0.2' ],
36 silly audit   'header-range-parser': [ '1.1.3' ],
36 silly audit   'http-status-emojis': [ '2.2.0' ],
36 silly audit   immer: [ '10.1.1' ],
36 silly audit   'import-fresh': [ '3.3.1' ],
36 silly audit   imurmurhash: [ '0.1.4' ],
36 silly audit   inflection: [ '3.0.2' ],
36 silly audit   'internal-slot': [ '1.1.0' ],
36 silly audit   'ipaddr.js': [ '2.2.0' ],
36 silly audit   'is-array-buffer': [ '3.0.5' ],
36 silly audit   'is-async-function': [ '2.1.1' ],
36 silly audit   'is-bigint': [ '1.1.0' ],
36 silly audit   'is-boolean-object': [ '1.2.2' ],
36 silly audit   'is-bun-module': [ '2.0.0' ],
36 silly audit   'is-callable': [ '1.2.7' ],
36 silly audit   'is-core-module': [ '2.16.1' ],
36 silly audit   'is-data-view': [ '1.0.2' ],
36 silly audit   'is-date-object': [ '1.1.0' ],
36 silly audit   'is-extglob': [ '2.1.1' ],
36 silly audit   'is-finalizationregistry': [ '1.1.1' ],
36 silly audit   'is-generator-function': [ '1.1.0' ],
36 silly audit   'is-glob': [ '4.0.3' ],
36 silly audit   'is-map': [ '2.0.3' ],
36 silly audit   'is-number': [ '7.0.0' ],
36 silly audit   'is-number-object': [ '1.1.1' ],
36 silly audit   'is-regex': [ '1.2.1' ],
36 silly audit   'is-set': [ '2.0.3' ],
36 silly audit   'is-shared-array-buffer': [ '1.0.4' ],
36 silly audit   'is-string': [ '1.1.1' ],
36 silly audit   'is-symbol': [ '1.1.1' ],
36 silly audit   'is-typed-array': [ '1.1.15' ],
36 silly audit   'is-weakmap': [ '2.0.2' ],
36 silly audit   'is-weakref': [ '1.1.1' ],
36 silly audit   'is-weakset': [ '2.0.4' ],
36 silly audit   isarray: [ '2.0.5' ],
36 silly audit   isexe: [ '2.0.0' ],
36 silly audit   'iterator.prototype': [ '1.1.5' ],
36 silly audit   jiti: [ '2.4.2' ],
36 silly audit   'js-tokens': [ '4.0.0' ],
36 silly audit   'js-yaml': [ '4.1.0' ],
36 silly audit   'json-buffer': [ '3.0.1' ],
36 silly audit   'json-schema-traverse': [ '0.4.1' ],
36 silly audit   'json-server': [ '1.0.0-beta.3' ],
36 silly audit   'json-stable-stringify-without-jsonify': [ '1.0.1' ],
36 silly audit   'jsx-ast-utils': [ '3.3.5' ],
36 silly audit   keyv: [ '4.5.4' ],
36 silly audit   'language-subtag-registry': [ '0.3.23' ],
36 silly audit   'language-tags': [ '1.0.9' ],
36 silly audit   levn: [ '0.4.1' ],
36 silly audit   lightningcss: [ '1.30.1' ],
36 silly audit   'lightningcss-darwin-arm64': [ '1.30.1' ],
36 silly audit   'lightningcss-darwin-x64': [ '1.30.1' ],
36 silly audit   'lightningcss-freebsd-x64': [ '1.30.1' ],
36 silly audit   'lightningcss-linux-arm-gnueabihf': [ '1.30.1' ],
36 silly audit   'lightningcss-linux-arm64-gnu': [ '1.30.1' ],
36 silly audit   'lightningcss-linux-arm64-musl': [ '1.30.1' ],
36 silly audit   'lightningcss-linux-x64-gnu': [ '1.30.1' ],
36 silly audit   'lightningcss-linux-x64-musl': [ '1.30.1' ],
36 silly audit   'lightningcss-win32-arm64-msvc': [ '1.30.1' ],
36 silly audit   'lightningcss-win32-x64-msvc': [ '1.30.1' ],
36 silly audit   'locate-path': [ '6.0.0' ],
36 silly audit   'lodash.merge': [ '4.6.2' ],
36 silly audit   'loose-envify': [ '1.4.0' ],
36 silly audit   lowdb: [ '7.0.1' ],
36 silly audit   'lucide-react': [ '0.511.0' ],
36 silly audit   'magic-string': [ '0.30.17' ],
36 silly audit   'math-intrinsics': [ '1.1.0' ],
36 silly audit   merge2: [ '1.4.1' ],
36 silly audit   micromatch: [ '4.0.8' ],
36 silly audit   milliparsec: [ '4.0.0' ],
36 silly audit   mime: [ '4.0.4' ],
36 silly audit   minimist: [ '1.2.8' ],
36 silly audit   minipass: [ '7.1.2' ],
36 silly audit   minizlib: [ '3.0.2' ],
36 silly audit   motion: [ '12.12.1' ],
36 silly audit   'motion-dom': [ '12.12.1' ],
36 silly audit   'motion-utils': [ '12.12.1' ],
36 silly audit   mrmime: [ '2.0.1' ],
36 silly audit   ms: [ '2.1.3' ],
36 silly audit   nanoid: [ '3.3.11' ],
36 silly audit   'napi-postinstall': [ '0.2.4' ],
36 silly audit   'natural-compare': [ '1.4.0' ],
36 silly audit   negotiator: [ '0.6.4' ],
36 silly audit   next: [ '15.3.2' ],
36 silly audit   'next-themes': [ '0.4.6' ],
36 silly audit   '@swc/helpers': [ '0.5.15' ],
36 silly audit   postcss: [ '8.4.31', '8.5.3' ],
36 silly audit   'node-releases': [ '2.0.19' ],
36 silly audit   'normalize-range': [ '0.1.2' ],
36 silly audit   'object-assign': [ '4.1.1' ],
36 silly audit   'object-inspect': [ '1.13.4' ],
36 silly audit   'object-keys': [ '1.1.1' ],
36 silly audit   'object.assign': [ '4.1.7' ],
36 silly audit   'object.entries': [ '1.1.9' ],
36 silly audit   'object.fromentries': [ '2.0.8' ],
36 silly audit   'object.groupby': [ '1.0.3' ],
36 silly audit   'object.values': [ '1.2.1' ],
36 silly audit   optionator: [ '0.9.4' ],
36 silly audit   'own-keys': [ '1.0.1' ],
36 silly audit   'p-limit': [ '3.1.0' ],
36 silly audit   'p-locate': [ '5.0.0' ],
36 silly audit   'parent-module': [ '1.0.1' ],
36 silly audit   'path-exists': [ '4.0.0' ],
36 silly audit   'path-key': [ '3.1.1' ],
36 silly audit   'path-parse': [ '1.0.7' ],
36 silly audit   picocolors: [ '1.1.1' ],
36 silly audit   picomatch: [ '2.3.1', '4.0.2' ],
36 silly audit   'possible-typed-array-names': [ '1.1.0' ],
36 silly audit   'postcss-value-parser': [ '4.2.0' ],
36 silly audit   'prelude-ls': [ '1.2.1' ],
36 silly audit   'prop-types': [ '15.8.1' ],
36 silly audit   punycode: [ '2.3.1' ],
36 silly audit   'queue-microtask': [ '1.2.3' ],
36 silly audit   react: [ '19.1.0' ],
36 silly audit   'react-day-picker': [ '9.7.0' ],
36 silly audit   'react-dom': [ '19.1.0' ],
36 silly audit   'react-icons': [ '5.5.0' ],
36 silly audit   'react-is': [ '19.1.0' ],
36 silly audit   'react-number-format': [ '5.4.4' ],
36 silly audit   'react-redux': [ '9.2.0' ],
36 silly audit   'react-remove-scroll': [ '2.7.0' ],
36 silly audit   'react-remove-scroll-bar': [ '2.3.8' ],
36 silly audit   'react-router': [ '7.6.0' ],
36 silly audit   'react-router-dom': [ '7.6.0' ],
36 silly audit   cookie: [ '1.0.2' ],
36 silly audit   'react-style-singleton': [ '2.2.3' ],
36 silly audit   readdirp: [ '4.1.2' ],
36 silly audit   redux: [ '5.0.1' ],
36 silly audit   'redux-thunk': [ '3.1.0' ],
36 silly audit   'reflect.getprototypeof': [ '1.0.10' ],
36 silly audit   'regexp.prototype.flags': [ '1.5.4' ],
36 silly audit   regexparam: [ '2.0.2' ],
36 silly audit   reselect: [ '5.1.1' ],
36 silly audit   'resolve-from': [ '4.0.0' ],
36 silly audit   'resolve-pkg-maps': [ '1.0.0' ],
36 silly audit   reusify: [ '1.1.0' ],
36 silly audit   rollup: [ '4.41.0' ],
36 silly audit   'run-parallel': [ '1.2.0' ],
36 silly audit   'safe-array-concat': [ '1.1.3' ],
36 silly audit   'safe-push-apply': [ '1.0.0' ],
36 silly audit   'safe-regex-test': [ '1.1.0' ],
36 silly audit   scheduler: [ '0.26.0' ],
36 silly audit   'set-cookie-parser': [ '2.7.1' ],
36 silly audit   'set-function-length': [ '1.2.2' ],
36 silly audit   'set-function-name': [ '2.0.2' ],
36 silly audit   'set-proto': [ '1.0.0' ],
36 silly audit   sharp: [ '0.34.1' ],
36 silly audit   'shebang-command': [ '2.0.0' ],
36 silly audit   'shebang-regex': [ '3.0.0' ],
36 silly audit   'side-channel': [ '1.1.0' ],
36 silly audit   'side-channel-list': [ '1.0.0' ],
36 silly audit   'side-channel-map': [ '1.0.1' ],
36 silly audit   'side-channel-weakmap': [ '1.0.2' ],
36 silly audit   'simple-swizzle': [ '0.2.2' ],
36 silly audit   'is-arrayish': [ '0.3.2' ],
36 silly audit   sirv: [ '2.0.4' ],
36 silly audit   sonner: [ '2.0.3' ],
36 silly audit   'sort-on': [ '6.1.0' ],
36 silly audit   'source-map-js': [ '1.2.1' ],
36 silly audit   'stable-hash': [ '0.0.5' ],
36 silly audit   steno: [ '4.0.2' ],
36 silly audit   streamsearch: [ '1.1.0' ],
36 silly audit   'string.prototype.includes': [ '2.0.1' ],
36 silly audit   'string.prototype.matchall': [ '4.0.12' ],
36 silly audit   'string.prototype.repeat': [ '1.0.0' ],
36 silly audit   'string.prototype.trim': [ '1.2.10' ],
36 silly audit   'string.prototype.trimend': [ '1.0.9' ],
36 silly audit   'string.prototype.trimstart': [ '1.0.8' ],
36 silly audit   'strip-bom': [ '3.0.0' ],
36 silly audit   'strip-json-comments': [ '3.1.1' ],
36 silly audit   'styled-jsx': [ '5.1.6' ],
36 silly audit   'supports-color': [ '7.2.0' ],
36 silly audit   'supports-preserve-symlinks-flag': [ '1.0.0' ],
36 silly audit   'tailwind-merge': [ '3.3.0' ],
36 silly audit   tailwindcss: [ '4.1.7' ],
36 silly audit   tapable: [ '2.2.2' ],
36 silly audit   tar: [ '7.4.3' ],
36 silly audit   mkdirp: [ '3.0.1' ],
36 silly audit   yallist: [ '5.0.0' ],
36 silly audit   tinyglobby: [ '0.2.13' ],
36 silly audit   fdir: [ '6.4.4' ],
36 silly audit   'to-regex-range': [ '5.0.1' ],
36 silly audit   totalist: [ '3.0.1' ],
36 silly audit   'ts-api-utils': [ '2.1.0' ],
36 silly audit   tslib: [ '2.8.1' ],
36 silly audit   'tw-animate-css': [ '1.3.0' ],
36 silly audit   'type-check': [ '0.4.0' ],
36 silly audit   'type-fest': [ '4.41.0' ],
36 silly audit   'typed-array-buffer': [ '1.0.3' ],
36 silly audit   'typed-array-byte-length': [ '1.0.3' ],
36 silly audit   'typed-array-byte-offset': [ '1.0.4' ],
36 silly audit   'typed-array-length': [ '1.0.7' ],
36 silly audit   typescript: [ '5.8.3' ],
36 silly audit   'typescript-eslint': [ '8.32.1' ],
36 silly audit   'unbox-primitive': [ '1.1.0' ],
36 silly audit   'undici-types': [ '6.19.8' ],
36 silly audit   'unrs-resolver': [ '1.7.2' ],
36 silly audit   'update-browserslist-db': [ '1.1.3' ],
36 silly audit   'uri-js': [ '4.4.1' ],
36 silly audit   'use-callback-ref': [ '1.3.3' ],
36 silly audit   'use-sidecar': [ '1.1.3' ],
36 silly audit   'use-sync-external-store': [ '1.5.0' ],
36 silly audit   uuid: [ '11.1.0' ],
36 silly audit   vite: [ '6.3.5' ],
36 silly audit   which: [ '2.0.2' ],
36 silly audit   'which-boxed-primitive': [ '1.1.1' ],
36 silly audit   'which-builtin-type': [ '1.2.1' ],
36 silly audit   'which-collection': [ '1.0.2' ],
36 silly audit   'which-typed-array': [ '1.1.19' ],
36 silly audit   'word-wrap': [ '1.2.5' ],
36 silly audit   'yocto-queue': [ '0.1.0' ],
36 silly audit   '@fortawesome/react-fontawesome': [ '0.2.2' ],
36 silly audit   '@tailwindcss/oxide-wasm32-wasi': [ '4.1.7' ]
36 silly audit }
37 verbose reify failed optional dependency C:\Users\hp\OneDrive - Nigerian National Petroleum Company Limited\Documents\eta_project\node_modules\lightningcss-win32-arm64-msvc
38 silly reify mark deleted [
38 silly reify   'C:\\Users\\hp\\OneDrive - Nigerian National Petroleum Company Limited\\Documents\\eta_project\\node_modules\\lightningcss-win32-arm64-msvc'
38 silly reify ]
39 verbose reify failed optional dependency C:\Users\hp\OneDrive - Nigerian National Petroleum Company Limited\Documents\eta_project\node_modules\lightningcss-linux-x64-musl
40 silly reify mark deleted [
40 silly reify   'C:\\Users\\hp\\OneDrive - Nigerian National Petroleum Company Limited\\Documents\\eta_project\\node_modules\\lightningcss-linux-x64-musl'
40 silly reify ]
41 verbose reify failed optional dependency C:\Users\hp\OneDrive - Nigerian National Petroleum Company Limited\Documents\eta_project\node_modules\lightningcss-linux-x64-gnu
42 silly reify mark deleted [
42 silly reify   'C:\\Users\\hp\\OneDrive - Nigerian National Petroleum Company Limited\\Documents\\eta_project\\node_modules\\lightningcss-linux-x64-gnu'
42 silly reify ]
43 verbose reify failed optional dependency C:\Users\hp\OneDrive - Nigerian National Petroleum Company Limited\Documents\eta_project\node_modules\lightningcss-linux-arm64-musl
44 silly reify mark deleted [
44 silly reify   'C:\\Users\\hp\\OneDrive - Nigerian National Petroleum Company Limited\\Documents\\eta_project\\node_modules\\lightningcss-linux-arm64-musl'
44 silly reify ]
45 verbose reify failed optional dependency C:\Users\hp\OneDrive - Nigerian National Petroleum Company Limited\Documents\eta_project\node_modules\lightningcss-linux-arm64-gnu
46 silly reify mark deleted [
46 silly reify   'C:\\Users\\hp\\OneDrive - Nigerian National Petroleum Company Limited\\Documents\\eta_project\\node_modules\\lightningcss-linux-arm64-gnu'
46 silly reify ]
47 verbose reify failed optional dependency C:\Users\hp\OneDrive - Nigerian National Petroleum Company Limited\Documents\eta_project\node_modules\lightningcss-linux-arm-gnueabihf
48 silly reify mark deleted [
48 silly reify   'C:\\Users\\hp\\OneDrive - Nigerian National Petroleum Company Limited\\Documents\\eta_project\\node_modules\\lightningcss-linux-arm-gnueabihf'
48 silly reify ]
49 verbose reify failed optional dependency C:\Users\hp\OneDrive - Nigerian National Petroleum Company Limited\Documents\eta_project\node_modules\lightningcss-freebsd-x64
50 silly reify mark deleted [
50 silly reify   'C:\\Users\\hp\\OneDrive - Nigerian National Petroleum Company Limited\\Documents\\eta_project\\node_modules\\lightningcss-freebsd-x64'
50 silly reify ]
51 verbose reify failed optional dependency C:\Users\hp\OneDrive - Nigerian National Petroleum Company Limited\Documents\eta_project\node_modules\lightningcss-darwin-x64
52 silly reify mark deleted [
52 silly reify   'C:\\Users\\hp\\OneDrive - Nigerian National Petroleum Company Limited\\Documents\\eta_project\\node_modules\\lightningcss-darwin-x64'
52 silly reify ]
53 verbose reify failed optional dependency C:\Users\hp\OneDrive - Nigerian National Petroleum Company Limited\Documents\eta_project\node_modules\lightningcss-darwin-arm64
54 silly reify mark deleted [
54 silly reify   'C:\\Users\\hp\\OneDrive - Nigerian National Petroleum Company Limited\\Documents\\eta_project\\node_modules\\lightningcss-darwin-arm64'
54 silly reify ]
55 verbose reify failed optional dependency C:\Users\hp\OneDrive - Nigerian National Petroleum Company Limited\Documents\eta_project\node_modules\fsevents
56 silly reify mark deleted [
56 silly reify   'C:\\Users\\hp\\OneDrive - Nigerian National Petroleum Company Limited\\Documents\\eta_project\\node_modules\\fsevents'
56 silly reify ]
57 verbose reify failed optional dependency C:\Users\hp\OneDrive - Nigerian National Petroleum Company Limited\Documents\eta_project\node_modules\@unrs\resolver-binding-win32-ia32-msvc
58 silly reify mark deleted [
58 silly reify   'C:\\Users\\hp\\OneDrive - Nigerian National Petroleum Company Limited\\Documents\\eta_project\\node_modules\\@unrs\\resolver-binding-win32-ia32-msvc'
58 silly reify ]
59 verbose reify failed optional dependency C:\Users\hp\OneDrive - Nigerian National Petroleum Company Limited\Documents\eta_project\node_modules\@unrs\resolver-binding-win32-arm64-msvc
60 silly reify mark deleted [
60 silly reify   'C:\\Users\\hp\\OneDrive - Nigerian National Petroleum Company Limited\\Documents\\eta_project\\node_modules\\@unrs\\resolver-binding-win32-arm64-msvc'
60 silly reify ]
61 verbose reify failed optional dependency C:\Users\hp\OneDrive - Nigerian National Petroleum Company Limited\Documents\eta_project\node_modules\@unrs\resolver-binding-wasm32-wasi
62 silly reify mark deleted [
62 silly reify   'C:\\Users\\hp\\OneDrive - Nigerian National Petroleum Company Limited\\Documents\\eta_project\\node_modules\\@unrs\\resolver-binding-wasm32-wasi'
62 silly reify ]
63 verbose reify failed optional dependency C:\Users\hp\OneDrive - Nigerian National Petroleum Company Limited\Documents\eta_project\node_modules\@unrs\resolver-binding-linux-x64-musl
64 silly reify mark deleted [
64 silly reify   'C:\\Users\\hp\\OneDrive - Nigerian National Petroleum Company Limited\\Documents\\eta_project\\node_modules\\@unrs\\resolver-binding-linux-x64-musl'
64 silly reify ]
65 verbose reify failed optional dependency C:\Users\hp\OneDrive - Nigerian National Petroleum Company Limited\Documents\eta_project\node_modules\@unrs\resolver-binding-linux-x64-gnu
66 silly reify mark deleted [
66 silly reify   'C:\\Users\\hp\\OneDrive - Nigerian National Petroleum Company Limited\\Documents\\eta_project\\node_modules\\@unrs\\resolver-binding-linux-x64-gnu'
66 silly reify ]
67 verbose reify failed optional dependency C:\Users\hp\OneDrive - Nigerian National Petroleum Company Limited\Documents\eta_project\node_modules\@unrs\resolver-binding-linux-s390x-gnu
68 silly reify mark deleted [
68 silly reify   'C:\\Users\\hp\\OneDrive - Nigerian National Petroleum Company Limited\\Documents\\eta_project\\node_modules\\@unrs\\resolver-binding-linux-s390x-gnu'
68 silly reify ]
69 verbose reify failed optional dependency C:\Users\hp\OneDrive - Nigerian National Petroleum Company Limited\Documents\eta_project\node_modules\@unrs\resolver-binding-linux-riscv64-musl
70 silly reify mark deleted [
70 silly reify   'C:\\Users\\hp\\OneDrive - Nigerian National Petroleum Company Limited\\Documents\\eta_project\\node_modules\\@unrs\\resolver-binding-linux-riscv64-musl'
70 silly reify ]
71 verbose reify failed optional dependency C:\Users\hp\OneDrive - Nigerian National Petroleum Company Limited\Documents\eta_project\node_modules\@unrs\resolver-binding-linux-riscv64-gnu
72 silly reify mark deleted [
72 silly reify   'C:\\Users\\hp\\OneDrive - Nigerian National Petroleum Company Limited\\Documents\\eta_project\\node_modules\\@unrs\\resolver-binding-linux-riscv64-gnu'
72 silly reify ]
73 verbose reify failed optional dependency C:\Users\hp\OneDrive - Nigerian National Petroleum Company Limited\Documents\eta_project\node_modules\@unrs\resolver-binding-linux-ppc64-gnu
74 silly reify mark deleted [
74 silly reify   'C:\\Users\\hp\\OneDrive - Nigerian National Petroleum Company Limited\\Documents\\eta_project\\node_modules\\@unrs\\resolver-binding-linux-ppc64-gnu'
74 silly reify ]
75 verbose reify failed optional dependency C:\Users\hp\OneDrive - Nigerian National Petroleum Company Limited\Documents\eta_project\node_modules\@unrs\resolver-binding-linux-arm64-musl
76 silly reify mark deleted [
76 silly reify   'C:\\Users\\hp\\OneDrive - Nigerian National Petroleum Company Limited\\Documents\\eta_project\\node_modules\\@unrs\\resolver-binding-linux-arm64-musl'
76 silly reify ]
77 verbose reify failed optional dependency C:\Users\hp\OneDrive - Nigerian National Petroleum Company Limited\Documents\eta_project\node_modules\@unrs\resolver-binding-linux-arm64-gnu
78 silly reify mark deleted [
78 silly reify   'C:\\Users\\hp\\OneDrive - Nigerian National Petroleum Company Limited\\Documents\\eta_project\\node_modules\\@unrs\\resolver-binding-linux-arm64-gnu'
78 silly reify ]
79 verbose reify failed optional dependency C:\Users\hp\OneDrive - Nigerian National Petroleum Company Limited\Documents\eta_project\node_modules\@unrs\resolver-binding-linux-arm-musleabihf
80 silly reify mark deleted [
80 silly reify   'C:\\Users\\hp\\OneDrive - Nigerian National Petroleum Company Limited\\Documents\\eta_project\\node_modules\\@unrs\\resolver-binding-linux-arm-musleabihf'
80 silly reify ]
81 verbose reify failed optional dependency C:\Users\hp\OneDrive - Nigerian National Petroleum Company Limited\Documents\eta_project\node_modules\@unrs\resolver-binding-linux-arm-gnueabihf
82 silly reify mark deleted [
82 silly reify   'C:\\Users\\hp\\OneDrive - Nigerian National Petroleum Company Limited\\Documents\\eta_project\\node_modules\\@unrs\\resolver-binding-linux-arm-gnueabihf'
82 silly reify ]
83 verbose reify failed optional dependency C:\Users\hp\OneDrive - Nigerian National Petroleum Company Limited\Documents\eta_project\node_modules\@unrs\resolver-binding-freebsd-x64
84 silly reify mark deleted [
84 silly reify   'C:\\Users\\hp\\OneDrive - Nigerian National Petroleum Company Limited\\Documents\\eta_project\\node_modules\\@unrs\\resolver-binding-freebsd-x64'
84 silly reify ]
85 verbose reify failed optional dependency C:\Users\hp\OneDrive - Nigerian National Petroleum Company Limited\Documents\eta_project\node_modules\@unrs\resolver-binding-darwin-x64
86 silly reify mark deleted [
86 silly reify   'C:\\Users\\hp\\OneDrive - Nigerian National Petroleum Company Limited\\Documents\\eta_project\\node_modules\\@unrs\\resolver-binding-darwin-x64'
86 silly reify ]
87 verbose reify failed optional dependency C:\Users\hp\OneDrive - Nigerian National Petroleum Company Limited\Documents\eta_project\node_modules\@unrs\resolver-binding-darwin-arm64
88 silly reify mark deleted [
88 silly reify   'C:\\Users\\hp\\OneDrive - Nigerian National Petroleum Company Limited\\Documents\\eta_project\\node_modules\\@unrs\\resolver-binding-darwin-arm64'
88 silly reify ]
89 verbose reify failed optional dependency C:\Users\hp\OneDrive - Nigerian National Petroleum Company Limited\Documents\eta_project\node_modules\@tailwindcss\oxide-win32-arm64-msvc
90 silly reify mark deleted [
90 silly reify   'C:\\Users\\hp\\OneDrive - Nigerian National Petroleum Company Limited\\Documents\\eta_project\\node_modules\\@tailwindcss\\oxide-win32-arm64-msvc'
90 silly reify ]
91 verbose reify failed optional dependency C:\Users\hp\OneDrive - Nigerian National Petroleum Company Limited\Documents\eta_project\node_modules\@tailwindcss\oxide-linux-x64-musl
92 silly reify mark deleted [
92 silly reify   'C:\\Users\\hp\\OneDrive - Nigerian National Petroleum Company Limited\\Documents\\eta_project\\node_modules\\@tailwindcss\\oxide-linux-x64-musl'
92 silly reify ]
93 verbose reify failed optional dependency C:\Users\hp\OneDrive - Nigerian National Petroleum Company Limited\Documents\eta_project\node_modules\@tailwindcss\oxide-linux-x64-gnu
94 silly reify mark deleted [
94 silly reify   'C:\\Users\\hp\\OneDrive - Nigerian National Petroleum Company Limited\\Documents\\eta_project\\node_modules\\@tailwindcss\\oxide-linux-x64-gnu'
94 silly reify ]
95 verbose reify failed optional dependency C:\Users\hp\OneDrive - Nigerian National Petroleum Company Limited\Documents\eta_project\node_modules\@tailwindcss\oxide-linux-arm64-musl
96 silly reify mark deleted [
96 silly reify   'C:\\Users\\hp\\OneDrive - Nigerian National Petroleum Company Limited\\Documents\\eta_project\\node_modules\\@tailwindcss\\oxide-linux-arm64-musl'
96 silly reify ]
97 verbose reify failed optional dependency C:\Users\hp\OneDrive - Nigerian National Petroleum Company Limited\Documents\eta_project\node_modules\@tailwindcss\oxide-linux-arm64-gnu
98 silly reify mark deleted [
98 silly reify   'C:\\Users\\hp\\OneDrive - Nigerian National Petroleum Company Limited\\Documents\\eta_project\\node_modules\\@tailwindcss\\oxide-linux-arm64-gnu'
98 silly reify ]
99 verbose reify failed optional dependency C:\Users\hp\OneDrive - Nigerian National Petroleum Company Limited\Documents\eta_project\node_modules\@tailwindcss\oxide-linux-arm-gnueabihf
100 silly reify mark deleted [
100 silly reify   'C:\\Users\\hp\\OneDrive - Nigerian National Petroleum Company Limited\\Documents\\eta_project\\node_modules\\@tailwindcss\\oxide-linux-arm-gnueabihf'
100 silly reify ]
101 verbose reify failed optional dependency C:\Users\hp\OneDrive - Nigerian National Petroleum Company Limited\Documents\eta_project\node_modules\@tailwindcss\oxide-freebsd-x64
102 silly reify mark deleted [
102 silly reify   'C:\\Users\\hp\\OneDrive - Nigerian National Petroleum Company Limited\\Documents\\eta_project\\node_modules\\@tailwindcss\\oxide-freebsd-x64'
102 silly reify ]
103 verbose reify failed optional dependency C:\Users\hp\OneDrive - Nigerian National Petroleum Company Limited\Documents\eta_project\node_modules\@tailwindcss\oxide-darwin-x64
104 silly reify mark deleted [
104 silly reify   'C:\\Users\\hp\\OneDrive - Nigerian National Petroleum Company Limited\\Documents\\eta_project\\node_modules\\@tailwindcss\\oxide-darwin-x64'
104 silly reify ]
105 verbose reify failed optional dependency C:\Users\hp\OneDrive - Nigerian National Petroleum Company Limited\Documents\eta_project\node_modules\@tailwindcss\oxide-darwin-arm64
106 silly reify mark deleted [
106 silly reify   'C:\\Users\\hp\\OneDrive - Nigerian National Petroleum Company Limited\\Documents\\eta_project\\node_modules\\@tailwindcss\\oxide-darwin-arm64'
106 silly reify ]
107 verbose reify failed optional dependency C:\Users\hp\OneDrive - Nigerian National Petroleum Company Limited\Documents\eta_project\node_modules\@tailwindcss\oxide-android-arm64
108 silly reify mark deleted [
108 silly reify   'C:\\Users\\hp\\OneDrive - Nigerian National Petroleum Company Limited\\Documents\\eta_project\\node_modules\\@tailwindcss\\oxide-android-arm64'
108 silly reify ]
109 verbose reify failed optional dependency C:\Users\hp\OneDrive - Nigerian National Petroleum Company Limited\Documents\eta_project\node_modules\@swc\core-win32-ia32-msvc
110 silly reify mark deleted [
110 silly reify   'C:\\Users\\hp\\OneDrive - Nigerian National Petroleum Company Limited\\Documents\\eta_project\\node_modules\\@swc\\core-win32-ia32-msvc'
110 silly reify ]
111 verbose reify failed optional dependency C:\Users\hp\OneDrive - Nigerian National Petroleum Company Limited\Documents\eta_project\node_modules\@swc\core-win32-arm64-msvc
112 silly reify mark deleted [
112 silly reify   'C:\\Users\\hp\\OneDrive - Nigerian National Petroleum Company Limited\\Documents\\eta_project\\node_modules\\@swc\\core-win32-arm64-msvc'
112 silly reify ]
113 verbose reify failed optional dependency C:\Users\hp\OneDrive - Nigerian National Petroleum Company Limited\Documents\eta_project\node_modules\@swc\core-linux-x64-musl
114 silly reify mark deleted [
114 silly reify   'C:\\Users\\hp\\OneDrive - Nigerian National Petroleum Company Limited\\Documents\\eta_project\\node_modules\\@swc\\core-linux-x64-musl'
114 silly reify ]
115 verbose reify failed optional dependency C:\Users\hp\OneDrive - Nigerian National Petroleum Company Limited\Documents\eta_project\node_modules\@swc\core-linux-x64-gnu
116 silly reify mark deleted [
116 silly reify   'C:\\Users\\hp\\OneDrive - Nigerian National Petroleum Company Limited\\Documents\\eta_project\\node_modules\\@swc\\core-linux-x64-gnu'
116 silly reify ]
117 verbose reify failed optional dependency C:\Users\hp\OneDrive - Nigerian National Petroleum Company Limited\Documents\eta_project\node_modules\@swc\core-linux-arm64-musl
118 silly reify mark deleted [
118 silly reify   'C:\\Users\\hp\\OneDrive - Nigerian National Petroleum Company Limited\\Documents\\eta_project\\node_modules\\@swc\\core-linux-arm64-musl'
118 silly reify ]
119 verbose reify failed optional dependency C:\Users\hp\OneDrive - Nigerian National Petroleum Company Limited\Documents\eta_project\node_modules\@swc\core-linux-arm64-gnu
120 silly reify mark deleted [
120 silly reify   'C:\\Users\\hp\\OneDrive - Nigerian National Petroleum Company Limited\\Documents\\eta_project\\node_modules\\@swc\\core-linux-arm64-gnu'
120 silly reify ]
121 verbose reify failed optional dependency C:\Users\hp\OneDrive - Nigerian National Petroleum Company Limited\Documents\eta_project\node_modules\@swc\core-linux-arm-gnueabihf
122 silly reify mark deleted [
122 silly reify   'C:\\Users\\hp\\OneDrive - Nigerian National Petroleum Company Limited\\Documents\\eta_project\\node_modules\\@swc\\core-linux-arm-gnueabihf'
122 silly reify ]
123 verbose reify failed optional dependency C:\Users\hp\OneDrive - Nigerian National Petroleum Company Limited\Documents\eta_project\node_modules\@swc\core-darwin-x64
124 silly reify mark deleted [
124 silly reify   'C:\\Users\\hp\\OneDrive - Nigerian National Petroleum Company Limited\\Documents\\eta_project\\node_modules\\@swc\\core-darwin-x64'
124 silly reify ]
125 verbose reify failed optional dependency C:\Users\hp\OneDrive - Nigerian National Petroleum Company Limited\Documents\eta_project\node_modules\@swc\core-darwin-arm64
126 silly reify mark deleted [
126 silly reify   'C:\\Users\\hp\\OneDrive - Nigerian National Petroleum Company Limited\\Documents\\eta_project\\node_modules\\@swc\\core-darwin-arm64'
126 silly reify ]
127 verbose reify failed optional dependency C:\Users\hp\OneDrive - Nigerian National Petroleum Company Limited\Documents\eta_project\node_modules\@rollup\rollup-win32-ia32-msvc
128 silly reify mark deleted [
128 silly reify   'C:\\Users\\hp\\OneDrive - Nigerian National Petroleum Company Limited\\Documents\\eta_project\\node_modules\\@rollup\\rollup-win32-ia32-msvc'
128 silly reify ]
129 verbose reify failed optional dependency C:\Users\hp\OneDrive - Nigerian National Petroleum Company Limited\Documents\eta_project\node_modules\@rollup\rollup-win32-arm64-msvc
130 silly reify mark deleted [
130 silly reify   'C:\\Users\\hp\\OneDrive - Nigerian National Petroleum Company Limited\\Documents\\eta_project\\node_modules\\@rollup\\rollup-win32-arm64-msvc'
130 silly reify ]
131 verbose reify failed optional dependency C:\Users\hp\OneDrive - Nigerian National Petroleum Company Limited\Documents\eta_project\node_modules\@rollup\rollup-linux-x64-musl
132 silly reify mark deleted [
132 silly reify   'C:\\Users\\hp\\OneDrive - Nigerian National Petroleum Company Limited\\Documents\\eta_project\\node_modules\\@rollup\\rollup-linux-x64-musl'
132 silly reify ]
133 verbose reify failed optional dependency C:\Users\hp\OneDrive - Nigerian National Petroleum Company Limited\Documents\eta_project\node_modules\@rollup\rollup-linux-x64-gnu
134 silly reify mark deleted [
134 silly reify   'C:\\Users\\hp\\OneDrive - Nigerian National Petroleum Company Limited\\Documents\\eta_project\\node_modules\\@rollup\\rollup-linux-x64-gnu'
134 silly reify ]
135 verbose reify failed optional dependency C:\Users\hp\OneDrive - Nigerian National Petroleum Company Limited\Documents\eta_project\node_modules\@rollup\rollup-linux-s390x-gnu
136 silly reify mark deleted [
136 silly reify   'C:\\Users\\hp\\OneDrive - Nigerian National Petroleum Company Limited\\Documents\\eta_project\\node_modules\\@rollup\\rollup-linux-s390x-gnu'
136 silly reify ]
137 verbose reify failed optional dependency C:\Users\hp\OneDrive - Nigerian National Petroleum Company Limited\Documents\eta_project\node_modules\@rollup\rollup-linux-riscv64-musl
138 silly reify mark deleted [
138 silly reify   'C:\\Users\\hp\\OneDrive - Nigerian National Petroleum Company Limited\\Documents\\eta_project\\node_modules\\@rollup\\rollup-linux-riscv64-musl'
138 silly reify ]
139 verbose reify failed optional dependency C:\Users\hp\OneDrive - Nigerian National Petroleum Company Limited\Documents\eta_project\node_modules\@rollup\rollup-linux-riscv64-gnu
140 silly reify mark deleted [
140 silly reify   'C:\\Users\\hp\\OneDrive - Nigerian National Petroleum Company Limited\\Documents\\eta_project\\node_modules\\@rollup\\rollup-linux-riscv64-gnu'
140 silly reify ]
141 verbose reify failed optional dependency C:\Users\hp\OneDrive - Nigerian National Petroleum Company Limited\Documents\eta_project\node_modules\@rollup\rollup-linux-powerpc64le-gnu
142 silly reify mark deleted [
142 silly reify   'C:\\Users\\hp\\OneDrive - Nigerian National Petroleum Company Limited\\Documents\\eta_project\\node_modules\\@rollup\\rollup-linux-powerpc64le-gnu'
142 silly reify ]
143 verbose reify failed optional dependency C:\Users\hp\OneDrive - Nigerian National Petroleum Company Limited\Documents\eta_project\node_modules\@rollup\rollup-linux-loongarch64-gnu
144 silly reify mark deleted [
144 silly reify   'C:\\Users\\hp\\OneDrive - Nigerian National Petroleum Company Limited\\Documents\\eta_project\\node_modules\\@rollup\\rollup-linux-loongarch64-gnu'
144 silly reify ]
145 verbose reify failed optional dependency C:\Users\hp\OneDrive - Nigerian National Petroleum Company Limited\Documents\eta_project\node_modules\@rollup\rollup-linux-arm64-musl
146 silly reify mark deleted [
146 silly reify   'C:\\Users\\hp\\OneDrive - Nigerian National Petroleum Company Limited\\Documents\\eta_project\\node_modules\\@rollup\\rollup-linux-arm64-musl'
146 silly reify ]
147 verbose reify failed optional dependency C:\Users\hp\OneDrive - Nigerian National Petroleum Company Limited\Documents\eta_project\node_modules\@rollup\rollup-linux-arm64-gnu
148 silly reify mark deleted [
148 silly reify   'C:\\Users\\hp\\OneDrive - Nigerian National Petroleum Company Limited\\Documents\\eta_project\\node_modules\\@rollup\\rollup-linux-arm64-gnu'
148 silly reify ]
149 verbose reify failed optional dependency C:\Users\hp\OneDrive - Nigerian National Petroleum Company Limited\Documents\eta_project\node_modules\@rollup\rollup-linux-arm-musleabihf
150 silly reify mark deleted [
150 silly reify   'C:\\Users\\hp\\OneDrive - Nigerian National Petroleum Company Limited\\Documents\\eta_project\\node_modules\\@rollup\\rollup-linux-arm-musleabihf'
150 silly reify ]
151 verbose reify failed optional dependency C:\Users\hp\OneDrive - Nigerian National Petroleum Company Limited\Documents\eta_project\node_modules\@rollup\rollup-linux-arm-gnueabihf
152 silly reify mark deleted [
152 silly reify   'C:\\Users\\hp\\OneDrive - Nigerian National Petroleum Company Limited\\Documents\\eta_project\\node_modules\\@rollup\\rollup-linux-arm-gnueabihf'
152 silly reify ]
153 verbose reify failed optional dependency C:\Users\hp\OneDrive - Nigerian National Petroleum Company Limited\Documents\eta_project\node_modules\@rollup\rollup-freebsd-x64
154 silly reify mark deleted [
154 silly reify   'C:\\Users\\hp\\OneDrive - Nigerian National Petroleum Company Limited\\Documents\\eta_project\\node_modules\\@rollup\\rollup-freebsd-x64'
154 silly reify ]
155 verbose reify failed optional dependency C:\Users\hp\OneDrive - Nigerian National Petroleum Company Limited\Documents\eta_project\node_modules\@rollup\rollup-freebsd-arm64
156 silly reify mark deleted [
156 silly reify   'C:\\Users\\hp\\OneDrive - Nigerian National Petroleum Company Limited\\Documents\\eta_project\\node_modules\\@rollup\\rollup-freebsd-arm64'
156 silly reify ]
157 verbose reify failed optional dependency C:\Users\hp\OneDrive - Nigerian National Petroleum Company Limited\Documents\eta_project\node_modules\@rollup\rollup-darwin-x64
158 silly reify mark deleted [
158 silly reify   'C:\\Users\\hp\\OneDrive - Nigerian National Petroleum Company Limited\\Documents\\eta_project\\node_modules\\@rollup\\rollup-darwin-x64'
158 silly reify ]
159 verbose reify failed optional dependency C:\Users\hp\OneDrive - Nigerian National Petroleum Company Limited\Documents\eta_project\node_modules\@rollup\rollup-darwin-arm64
160 silly reify mark deleted [
160 silly reify   'C:\\Users\\hp\\OneDrive - Nigerian National Petroleum Company Limited\\Documents\\eta_project\\node_modules\\@rollup\\rollup-darwin-arm64'
160 silly reify ]
161 verbose reify failed optional dependency C:\Users\hp\OneDrive - Nigerian National Petroleum Company Limited\Documents\eta_project\node_modules\@rollup\rollup-android-arm64
162 silly reify mark deleted [
162 silly reify   'C:\\Users\\hp\\OneDrive - Nigerian National Petroleum Company Limited\\Documents\\eta_project\\node_modules\\@rollup\\rollup-android-arm64'
162 silly reify ]
163 verbose reify failed optional dependency C:\Users\hp\OneDrive - Nigerian National Petroleum Company Limited\Documents\eta_project\node_modules\@rollup\rollup-android-arm-eabi
164 silly reify mark deleted [
164 silly reify   'C:\\Users\\hp\\OneDrive - Nigerian National Petroleum Company Limited\\Documents\\eta_project\\node_modules\\@rollup\\rollup-android-arm-eabi'
164 silly reify ]
165 verbose reify failed optional dependency C:\Users\hp\OneDrive - Nigerian National Petroleum Company Limited\Documents\eta_project\node_modules\@next\swc-win32-arm64-msvc
166 silly reify mark deleted [
166 silly reify   'C:\\Users\\hp\\OneDrive - Nigerian National Petroleum Company Limited\\Documents\\eta_project\\node_modules\\@next\\swc-win32-arm64-msvc'
166 silly reify ]
167 verbose reify failed optional dependency C:\Users\hp\OneDrive - Nigerian National Petroleum Company Limited\Documents\eta_project\node_modules\@next\swc-linux-x64-musl
168 silly reify mark deleted [
168 silly reify   'C:\\Users\\hp\\OneDrive - Nigerian National Petroleum Company Limited\\Documents\\eta_project\\node_modules\\@next\\swc-linux-x64-musl'
168 silly reify ]
169 verbose reify failed optional dependency C:\Users\hp\OneDrive - Nigerian National Petroleum Company Limited\Documents\eta_project\node_modules\@next\swc-linux-x64-gnu
170 silly reify mark deleted [
170 silly reify   'C:\\Users\\hp\\OneDrive - Nigerian National Petroleum Company Limited\\Documents\\eta_project\\node_modules\\@next\\swc-linux-x64-gnu'
170 silly reify ]
171 verbose reify failed optional dependency C:\Users\hp\OneDrive - Nigerian National Petroleum Company Limited\Documents\eta_project\node_modules\@next\swc-linux-arm64-musl
172 silly reify mark deleted [
172 silly reify   'C:\\Users\\hp\\OneDrive - Nigerian National Petroleum Company Limited\\Documents\\eta_project\\node_modules\\@next\\swc-linux-arm64-musl'
172 silly reify ]
173 verbose reify failed optional dependency C:\Users\hp\OneDrive - Nigerian National Petroleum Company Limited\Documents\eta_project\node_modules\@next\swc-linux-arm64-gnu
174 silly reify mark deleted [
174 silly reify   'C:\\Users\\hp\\OneDrive - Nigerian National Petroleum Company Limited\\Documents\\eta_project\\node_modules\\@next\\swc-linux-arm64-gnu'
174 silly reify ]
175 verbose reify failed optional dependency C:\Users\hp\OneDrive - Nigerian National Petroleum Company Limited\Documents\eta_project\node_modules\@next\swc-darwin-x64
176 silly reify mark deleted [
176 silly reify   'C:\\Users\\hp\\OneDrive - Nigerian National Petroleum Company Limited\\Documents\\eta_project\\node_modules\\@next\\swc-darwin-x64'
176 silly reify ]
177 verbose reify failed optional dependency C:\Users\hp\OneDrive - Nigerian National Petroleum Company Limited\Documents\eta_project\node_modules\@next\swc-darwin-arm64
178 silly reify mark deleted [
178 silly reify   'C:\\Users\\hp\\OneDrive - Nigerian National Petroleum Company Limited\\Documents\\eta_project\\node_modules\\@next\\swc-darwin-arm64'
178 silly reify ]
179 verbose reify failed optional dependency C:\Users\hp\OneDrive - Nigerian National Petroleum Company Limited\Documents\eta_project\node_modules\@img\sharp-win32-ia32
180 silly reify mark deleted [
180 silly reify   'C:\\Users\\hp\\OneDrive - Nigerian National Petroleum Company Limited\\Documents\\eta_project\\node_modules\\@img\\sharp-win32-ia32'
180 silly reify ]
181 verbose reify failed optional dependency C:\Users\hp\OneDrive - Nigerian National Petroleum Company Limited\Documents\eta_project\node_modules\@img\sharp-wasm32
182 silly reify mark deleted [
182 silly reify   'C:\\Users\\hp\\OneDrive - Nigerian National Petroleum Company Limited\\Documents\\eta_project\\node_modules\\@img\\sharp-wasm32'
182 silly reify ]
183 verbose reify failed optional dependency C:\Users\hp\OneDrive - Nigerian National Petroleum Company Limited\Documents\eta_project\node_modules\@img\sharp-linuxmusl-x64
184 silly reify mark deleted [
184 silly reify   'C:\\Users\\hp\\OneDrive - Nigerian National Petroleum Company Limited\\Documents\\eta_project\\node_modules\\@img\\sharp-linuxmusl-x64'
184 silly reify ]
185 verbose reify failed optional dependency C:\Users\hp\OneDrive - Nigerian National Petroleum Company Limited\Documents\eta_project\node_modules\@img\sharp-linuxmusl-arm64
186 silly reify mark deleted [
186 silly reify   'C:\\Users\\hp\\OneDrive - Nigerian National Petroleum Company Limited\\Documents\\eta_project\\node_modules\\@img\\sharp-linuxmusl-arm64'
186 silly reify ]
187 verbose reify failed optional dependency C:\Users\hp\OneDrive - Nigerian National Petroleum Company Limited\Documents\eta_project\node_modules\@img\sharp-linux-x64
188 silly reify mark deleted [
188 silly reify   'C:\\Users\\hp\\OneDrive - Nigerian National Petroleum Company Limited\\Documents\\eta_project\\node_modules\\@img\\sharp-linux-x64'
188 silly reify ]
189 verbose reify failed optional dependency C:\Users\hp\OneDrive - Nigerian National Petroleum Company Limited\Documents\eta_project\node_modules\@img\sharp-linux-s390x
190 silly reify mark deleted [
190 silly reify   'C:\\Users\\hp\\OneDrive - Nigerian National Petroleum Company Limited\\Documents\\eta_project\\node_modules\\@img\\sharp-linux-s390x'
190 silly reify ]
191 verbose reify failed optional dependency C:\Users\hp\OneDrive - Nigerian National Petroleum Company Limited\Documents\eta_project\node_modules\@img\sharp-linux-arm64
192 silly reify mark deleted [
192 silly reify   'C:\\Users\\hp\\OneDrive - Nigerian National Petroleum Company Limited\\Documents\\eta_project\\node_modules\\@img\\sharp-linux-arm64'
192 silly reify ]
193 verbose reify failed optional dependency C:\Users\hp\OneDrive - Nigerian National Petroleum Company Limited\Documents\eta_project\node_modules\@img\sharp-linux-arm
194 silly reify mark deleted [
194 silly reify   'C:\\Users\\hp\\OneDrive - Nigerian National Petroleum Company Limited\\Documents\\eta_project\\node_modules\\@img\\sharp-linux-arm'
194 silly reify ]
195 verbose reify failed optional dependency C:\Users\hp\OneDrive - Nigerian National Petroleum Company Limited\Documents\eta_project\node_modules\@img\sharp-libvips-linuxmusl-x64
196 silly reify mark deleted [
196 silly reify   'C:\\Users\\hp\\OneDrive - Nigerian National Petroleum Company Limited\\Documents\\eta_project\\node_modules\\@img\\sharp-libvips-linuxmusl-x64'
196 silly reify ]
197 verbose reify failed optional dependency C:\Users\hp\OneDrive - Nigerian National Petroleum Company Limited\Documents\eta_project\node_modules\@img\sharp-libvips-linuxmusl-arm64
198 silly reify mark deleted [
198 silly reify   'C:\\Users\\hp\\OneDrive - Nigerian National Petroleum Company Limited\\Documents\\eta_project\\node_modules\\@img\\sharp-libvips-linuxmusl-arm64'
198 silly reify ]
199 verbose reify failed optional dependency C:\Users\hp\OneDrive - Nigerian National Petroleum Company Limited\Documents\eta_project\node_modules\@img\sharp-libvips-linux-x64
200 silly reify mark deleted [
200 silly reify   'C:\\Users\\hp\\OneDrive - Nigerian National Petroleum Company Limited\\Documents\\eta_project\\node_modules\\@img\\sharp-libvips-linux-x64'
200 silly reify ]
201 verbose reify failed optional dependency C:\Users\hp\OneDrive - Nigerian National Petroleum Company Limited\Documents\eta_project\node_modules\@img\sharp-libvips-linux-s390x
202 silly reify mark deleted [
202 silly reify   'C:\\Users\\hp\\OneDrive - Nigerian National Petroleum Company Limited\\Documents\\eta_project\\node_modules\\@img\\sharp-libvips-linux-s390x'
202 silly reify ]
203 verbose reify failed optional dependency C:\Users\hp\OneDrive - Nigerian National Petroleum Company Limited\Documents\eta_project\node_modules\@img\sharp-libvips-linux-ppc64
204 silly reify mark deleted [
204 silly reify   'C:\\Users\\hp\\OneDrive - Nigerian National Petroleum Company Limited\\Documents\\eta_project\\node_modules\\@img\\sharp-libvips-linux-ppc64'
204 silly reify ]
205 verbose reify failed optional dependency C:\Users\hp\OneDrive - Nigerian National Petroleum Company Limited\Documents\eta_project\node_modules\@img\sharp-libvips-linux-arm64
206 silly reify mark deleted [
206 silly reify   'C:\\Users\\hp\\OneDrive - Nigerian National Petroleum Company Limited\\Documents\\eta_project\\node_modules\\@img\\sharp-libvips-linux-arm64'
206 silly reify ]
207 verbose reify failed optional dependency C:\Users\hp\OneDrive - Nigerian National Petroleum Company Limited\Documents\eta_project\node_modules\@img\sharp-libvips-linux-arm
208 silly reify mark deleted [
208 silly reify   'C:\\Users\\hp\\OneDrive - Nigerian National Petroleum Company Limited\\Documents\\eta_project\\node_modules\\@img\\sharp-libvips-linux-arm'
208 silly reify ]
209 verbose reify failed optional dependency C:\Users\hp\OneDrive - Nigerian National Petroleum Company Limited\Documents\eta_project\node_modules\@img\sharp-libvips-darwin-x64
210 silly reify mark deleted [
210 silly reify   'C:\\Users\\hp\\OneDrive - Nigerian National Petroleum Company Limited\\Documents\\eta_project\\node_modules\\@img\\sharp-libvips-darwin-x64'
210 silly reify ]
211 verbose reify failed optional dependency C:\Users\hp\OneDrive - Nigerian National Petroleum Company Limited\Documents\eta_project\node_modules\@img\sharp-libvips-darwin-arm64
212 silly reify mark deleted [
212 silly reify   'C:\\Users\\hp\\OneDrive - Nigerian National Petroleum Company Limited\\Documents\\eta_project\\node_modules\\@img\\sharp-libvips-darwin-arm64'
212 silly reify ]
213 verbose reify failed optional dependency C:\Users\hp\OneDrive - Nigerian National Petroleum Company Limited\Documents\eta_project\node_modules\@img\sharp-darwin-x64
214 silly reify mark deleted [
214 silly reify   'C:\\Users\\hp\\OneDrive - Nigerian National Petroleum Company Limited\\Documents\\eta_project\\node_modules\\@img\\sharp-darwin-x64'
214 silly reify ]
215 verbose reify failed optional dependency C:\Users\hp\OneDrive - Nigerian National Petroleum Company Limited\Documents\eta_project\node_modules\@img\sharp-darwin-arm64
216 silly reify mark deleted [
216 silly reify   'C:\\Users\\hp\\OneDrive - Nigerian National Petroleum Company Limited\\Documents\\eta_project\\node_modules\\@img\\sharp-darwin-arm64'
216 silly reify ]
217 verbose reify failed optional dependency C:\Users\hp\OneDrive - Nigerian National Petroleum Company Limited\Documents\eta_project\node_modules\@esbuild\win32-ia32
218 silly reify mark deleted [
218 silly reify   'C:\\Users\\hp\\OneDrive - Nigerian National Petroleum Company Limited\\Documents\\eta_project\\node_modules\\@esbuild\\win32-ia32'
218 silly reify ]
219 verbose reify failed optional dependency C:\Users\hp\OneDrive - Nigerian National Petroleum Company Limited\Documents\eta_project\node_modules\@esbuild\win32-arm64
220 silly reify mark deleted [
220 silly reify   'C:\\Users\\hp\\OneDrive - Nigerian National Petroleum Company Limited\\Documents\\eta_project\\node_modules\\@esbuild\\win32-arm64'
220 silly reify ]
221 verbose reify failed optional dependency C:\Users\hp\OneDrive - Nigerian National Petroleum Company Limited\Documents\eta_project\node_modules\@esbuild\sunos-x64
222 silly reify mark deleted [
222 silly reify   'C:\\Users\\hp\\OneDrive - Nigerian National Petroleum Company Limited\\Documents\\eta_project\\node_modules\\@esbuild\\sunos-x64'
222 silly reify ]
223 verbose reify failed optional dependency C:\Users\hp\OneDrive - Nigerian National Petroleum Company Limited\Documents\eta_project\node_modules\@esbuild\openbsd-x64
224 silly reify mark deleted [
224 silly reify   'C:\\Users\\hp\\OneDrive - Nigerian National Petroleum Company Limited\\Documents\\eta_project\\node_modules\\@esbuild\\openbsd-x64'
224 silly reify ]
225 verbose reify failed optional dependency C:\Users\hp\OneDrive - Nigerian National Petroleum Company Limited\Documents\eta_project\node_modules\@esbuild\openbsd-arm64
226 silly reify mark deleted [
226 silly reify   'C:\\Users\\hp\\OneDrive - Nigerian National Petroleum Company Limited\\Documents\\eta_project\\node_modules\\@esbuild\\openbsd-arm64'
226 silly reify ]
227 verbose reify failed optional dependency C:\Users\hp\OneDrive - Nigerian National Petroleum Company Limited\Documents\eta_project\node_modules\@esbuild\netbsd-x64
228 silly reify mark deleted [
228 silly reify   'C:\\Users\\hp\\OneDrive - Nigerian National Petroleum Company Limited\\Documents\\eta_project\\node_modules\\@esbuild\\netbsd-x64'
228 silly reify ]
229 verbose reify failed optional dependency C:\Users\hp\OneDrive - Nigerian National Petroleum Company Limited\Documents\eta_project\node_modules\@esbuild\netbsd-arm64
230 silly reify mark deleted [
230 silly reify   'C:\\Users\\hp\\OneDrive - Nigerian National Petroleum Company Limited\\Documents\\eta_project\\node_modules\\@esbuild\\netbsd-arm64'
230 silly reify ]
231 verbose reify failed optional dependency C:\Users\hp\OneDrive - Nigerian National Petroleum Company Limited\Documents\eta_project\node_modules\@esbuild\linux-x64
232 silly reify mark deleted [
232 silly reify   'C:\\Users\\hp\\OneDrive - Nigerian National Petroleum Company Limited\\Documents\\eta_project\\node_modules\\@esbuild\\linux-x64'
232 silly reify ]
233 verbose reify failed optional dependency C:\Users\hp\OneDrive - Nigerian National Petroleum Company Limited\Documents\eta_project\node_modules\@esbuild\linux-s390x
234 silly reify mark deleted [
234 silly reify   'C:\\Users\\hp\\OneDrive - Nigerian National Petroleum Company Limited\\Documents\\eta_project\\node_modules\\@esbuild\\linux-s390x'
234 silly reify ]
235 verbose reify failed optional dependency C:\Users\hp\OneDrive - Nigerian National Petroleum Company Limited\Documents\eta_project\node_modules\@esbuild\linux-riscv64
236 silly reify mark deleted [
236 silly reify   'C:\\Users\\hp\\OneDrive - Nigerian National Petroleum Company Limited\\Documents\\eta_project\\node_modules\\@esbuild\\linux-riscv64'
236 silly reify ]
237 verbose reify failed optional dependency C:\Users\hp\OneDrive - Nigerian National Petroleum Company Limited\Documents\eta_project\node_modules\@esbuild\linux-ppc64
238 silly reify mark deleted [
238 silly reify   'C:\\Users\\hp\\OneDrive - Nigerian National Petroleum Company Limited\\Documents\\eta_project\\node_modules\\@esbuild\\linux-ppc64'
238 silly reify ]
239 verbose reify failed optional dependency C:\Users\hp\OneDrive - Nigerian National Petroleum Company Limited\Documents\eta_project\node_modules\@esbuild\linux-mips64el
240 silly reify mark deleted [
240 silly reify   'C:\\Users\\hp\\OneDrive - Nigerian National Petroleum Company Limited\\Documents\\eta_project\\node_modules\\@esbuild\\linux-mips64el'
240 silly reify ]
241 verbose reify failed optional dependency C:\Users\hp\OneDrive - Nigerian National Petroleum Company Limited\Documents\eta_project\node_modules\@esbuild\linux-loong64
242 silly reify mark deleted [
242 silly reify   'C:\\Users\\hp\\OneDrive - Nigerian National Petroleum Company Limited\\Documents\\eta_project\\node_modules\\@esbuild\\linux-loong64'
242 silly reify ]
243 verbose reify failed optional dependency C:\Users\hp\OneDrive - Nigerian National Petroleum Company Limited\Documents\eta_project\node_modules\@esbuild\linux-ia32
244 silly reify mark deleted [
244 silly reify   'C:\\Users\\hp\\OneDrive - Nigerian National Petroleum Company Limited\\Documents\\eta_project\\node_modules\\@esbuild\\linux-ia32'
244 silly reify ]
245 verbose reify failed optional dependency C:\Users\hp\OneDrive - Nigerian National Petroleum Company Limited\Documents\eta_project\node_modules\@esbuild\linux-arm64
246 silly reify mark deleted [
246 silly reify   'C:\\Users\\hp\\OneDrive - Nigerian National Petroleum Company Limited\\Documents\\eta_project\\node_modules\\@esbuild\\linux-arm64'
246 silly reify ]
247 verbose reify failed optional dependency C:\Users\hp\OneDrive - Nigerian National Petroleum Company Limited\Documents\eta_project\node_modules\@esbuild\linux-arm
248 silly reify mark deleted [
248 silly reify   'C:\\Users\\hp\\OneDrive - Nigerian National Petroleum Company Limited\\Documents\\eta_project\\node_modules\\@esbuild\\linux-arm'
248 silly reify ]
249 verbose reify failed optional dependency C:\Users\hp\OneDrive - Nigerian National Petroleum Company Limited\Documents\eta_project\node_modules\@esbuild\freebsd-x64
250 silly reify mark deleted [
250 silly reify   'C:\\Users\\hp\\OneDrive - Nigerian National Petroleum Company Limited\\Documents\\eta_project\\node_modules\\@esbuild\\freebsd-x64'
250 silly reify ]
251 verbose reify failed optional dependency C:\Users\hp\OneDrive - Nigerian National Petroleum Company Limited\Documents\eta_project\node_modules\@esbuild\freebsd-arm64
252 silly reify mark deleted [
252 silly reify   'C:\\Users\\hp\\OneDrive - Nigerian National Petroleum Company Limited\\Documents\\eta_project\\node_modules\\@esbuild\\freebsd-arm64'
252 silly reify ]
253 verbose reify failed optional dependency C:\Users\hp\OneDrive - Nigerian National Petroleum Company Limited\Documents\eta_project\node_modules\@esbuild\darwin-x64
254 silly reify mark deleted [
254 silly reify   'C:\\Users\\hp\\OneDrive - Nigerian National Petroleum Company Limited\\Documents\\eta_project\\node_modules\\@esbuild\\darwin-x64'
254 silly reify ]
255 verbose reify failed optional dependency C:\Users\hp\OneDrive - Nigerian National Petroleum Company Limited\Documents\eta_project\node_modules\@esbuild\darwin-arm64
256 silly reify mark deleted [
256 silly reify   'C:\\Users\\hp\\OneDrive - Nigerian National Petroleum Company Limited\\Documents\\eta_project\\node_modules\\@esbuild\\darwin-arm64'
256 silly reify ]
257 verbose reify failed optional dependency C:\Users\hp\OneDrive - Nigerian National Petroleum Company Limited\Documents\eta_project\node_modules\@esbuild\android-x64
258 silly reify mark deleted [
258 silly reify   'C:\\Users\\hp\\OneDrive - Nigerian National Petroleum Company Limited\\Documents\\eta_project\\node_modules\\@esbuild\\android-x64'
258 silly reify ]
259 verbose reify failed optional dependency C:\Users\hp\OneDrive - Nigerian National Petroleum Company Limited\Documents\eta_project\node_modules\@esbuild\android-arm64
260 silly reify mark deleted [
260 silly reify   'C:\\Users\\hp\\OneDrive - Nigerian National Petroleum Company Limited\\Documents\\eta_project\\node_modules\\@esbuild\\android-arm64'
260 silly reify ]
261 verbose reify failed optional dependency C:\Users\hp\OneDrive - Nigerian National Petroleum Company Limited\Documents\eta_project\node_modules\@esbuild\android-arm
262 silly reify mark deleted [
262 silly reify   'C:\\Users\\hp\\OneDrive - Nigerian National Petroleum Company Limited\\Documents\\eta_project\\node_modules\\@esbuild\\android-arm'
262 silly reify ]
263 verbose reify failed optional dependency C:\Users\hp\OneDrive - Nigerian National Petroleum Company Limited\Documents\eta_project\node_modules\@esbuild\aix-ppc64
264 silly reify mark deleted [
264 silly reify   'C:\\Users\\hp\\OneDrive - Nigerian National Petroleum Company Limited\\Documents\\eta_project\\node_modules\\@esbuild\\aix-ppc64'
264 silly reify ]
265 http cache @fortawesome/react-fontawesome@https://registry.npmjs.org/@fortawesome/react-fontawesome/-/react-fontawesome-0.2.2.tgz 0ms (cache hit)
266 silly tarball no local data for @fortawesome/react-fontawesome@https://registry.npmjs.org/@fortawesome/react-fontawesome/-/react-fontawesome-0.2.2.tgz. Extracting by manifest.
267 http fetch POST 200 https://registry.npmjs.org/-/npm/v1/security/advisories/bulk 646ms
268 silly audit report {}
269 http fetch GET 200 https://registry.npmjs.org/@fortawesome/react-fontawesome/-/react-fontawesome-0.2.2.tgz 1161ms (cache miss)
270 silly ADD node_modules/@fortawesome/react-fontawesome
271 silly ADD node_modules/lightningcss-win32-arm64-msvc
272 silly ADD node_modules/lightningcss-linux-x64-musl
273 silly ADD node_modules/lightningcss-linux-x64-gnu
274 silly ADD node_modules/lightningcss-linux-arm64-musl
275 silly ADD node_modules/lightningcss-linux-arm64-gnu
276 silly ADD node_modules/lightningcss-linux-arm-gnueabihf
277 silly ADD node_modules/lightningcss-freebsd-x64
278 silly ADD node_modules/lightningcss-darwin-x64
279 silly ADD node_modules/lightningcss-darwin-arm64
280 silly ADD node_modules/fsevents
281 silly ADD node_modules/@unrs/resolver-binding-win32-ia32-msvc
282 silly ADD node_modules/@unrs/resolver-binding-win32-arm64-msvc
283 silly ADD node_modules/@unrs/resolver-binding-wasm32-wasi
284 silly ADD node_modules/@unrs/resolver-binding-linux-x64-musl
285 silly ADD node_modules/@unrs/resolver-binding-linux-x64-gnu
286 silly ADD node_modules/@unrs/resolver-binding-linux-s390x-gnu
287 silly ADD node_modules/@unrs/resolver-binding-linux-riscv64-musl
288 silly ADD node_modules/@unrs/resolver-binding-linux-riscv64-gnu
289 silly ADD node_modules/@unrs/resolver-binding-linux-ppc64-gnu
290 silly ADD node_modules/@unrs/resolver-binding-linux-arm64-musl
291 silly ADD node_modules/@unrs/resolver-binding-linux-arm64-gnu
292 silly ADD node_modules/@unrs/resolver-binding-linux-arm-musleabihf
293 silly ADD node_modules/@unrs/resolver-binding-linux-arm-gnueabihf
294 silly ADD node_modules/@unrs/resolver-binding-freebsd-x64
295 silly ADD node_modules/@unrs/resolver-binding-darwin-x64
296 silly ADD node_modules/@unrs/resolver-binding-darwin-arm64
297 silly ADD node_modules/@tailwindcss/oxide-win32-arm64-msvc
298 silly ADD node_modules/@tailwindcss/oxide-wasm32-wasi
299 silly ADD node_modules/@tailwindcss/oxide-linux-x64-musl
300 silly ADD node_modules/@tailwindcss/oxide-linux-x64-gnu
301 silly ADD node_modules/@tailwindcss/oxide-linux-arm64-musl
302 silly ADD node_modules/@tailwindcss/oxide-linux-arm64-gnu
303 silly ADD node_modules/@tailwindcss/oxide-linux-arm-gnueabihf
304 silly ADD node_modules/@tailwindcss/oxide-freebsd-x64
305 silly ADD node_modules/@tailwindcss/oxide-darwin-x64
306 silly ADD node_modules/@tailwindcss/oxide-darwin-arm64
307 silly ADD node_modules/@tailwindcss/oxide-android-arm64
308 silly ADD node_modules/@swc/core-win32-ia32-msvc
309 silly ADD node_modules/@swc/core-win32-arm64-msvc
310 silly ADD node_modules/@swc/core-linux-x64-musl
311 silly ADD node_modules/@swc/core-linux-x64-gnu
312 silly ADD node_modules/@swc/core-linux-arm64-musl
313 silly ADD node_modules/@swc/core-linux-arm64-gnu
314 silly ADD node_modules/@swc/core-linux-arm-gnueabihf
315 silly ADD node_modules/@swc/core-darwin-x64
316 silly ADD node_modules/@swc/core-darwin-arm64
317 silly ADD node_modules/@rollup/rollup-win32-ia32-msvc
318 silly ADD node_modules/@rollup/rollup-win32-arm64-msvc
319 silly ADD node_modules/@rollup/rollup-linux-x64-musl
320 silly ADD node_modules/@rollup/rollup-linux-x64-gnu
321 silly ADD node_modules/@rollup/rollup-linux-s390x-gnu
322 silly ADD node_modules/@rollup/rollup-linux-riscv64-musl
323 silly ADD node_modules/@rollup/rollup-linux-riscv64-gnu
324 silly ADD node_modules/@rollup/rollup-linux-powerpc64le-gnu
325 silly ADD node_modules/@rollup/rollup-linux-loongarch64-gnu
326 silly ADD node_modules/@rollup/rollup-linux-arm64-musl
327 silly ADD node_modules/@rollup/rollup-linux-arm64-gnu
328 silly ADD node_modules/@rollup/rollup-linux-arm-musleabihf
329 silly ADD node_modules/@rollup/rollup-linux-arm-gnueabihf
330 silly ADD node_modules/@rollup/rollup-freebsd-x64
331 silly ADD node_modules/@rollup/rollup-freebsd-arm64
332 silly ADD node_modules/@rollup/rollup-darwin-x64
333 silly ADD node_modules/@rollup/rollup-darwin-arm64
334 silly ADD node_modules/@rollup/rollup-android-arm64
335 silly ADD node_modules/@rollup/rollup-android-arm-eabi
336 silly ADD node_modules/@next/swc-win32-arm64-msvc
337 silly ADD node_modules/@next/swc-linux-x64-musl
338 silly ADD node_modules/@next/swc-linux-x64-gnu
339 silly ADD node_modules/@next/swc-linux-arm64-musl
340 silly ADD node_modules/@next/swc-linux-arm64-gnu
341 silly ADD node_modules/@next/swc-darwin-x64
342 silly ADD node_modules/@next/swc-darwin-arm64
343 silly ADD node_modules/@img/sharp-win32-ia32
344 silly ADD node_modules/@img/sharp-wasm32
345 silly ADD node_modules/@img/sharp-linuxmusl-x64
346 silly ADD node_modules/@img/sharp-linuxmusl-arm64
347 silly ADD node_modules/@img/sharp-linux-x64
348 silly ADD node_modules/@img/sharp-linux-s390x
349 silly ADD node_modules/@img/sharp-linux-arm64
350 silly ADD node_modules/@img/sharp-linux-arm
351 silly ADD node_modules/@img/sharp-libvips-linuxmusl-x64
352 silly ADD node_modules/@img/sharp-libvips-linuxmusl-arm64
353 silly ADD node_modules/@img/sharp-libvips-linux-x64
354 silly ADD node_modules/@img/sharp-libvips-linux-s390x
355 silly ADD node_modules/@img/sharp-libvips-linux-ppc64
356 silly ADD node_modules/@img/sharp-libvips-linux-arm64
357 silly ADD node_modules/@img/sharp-libvips-linux-arm
358 silly ADD node_modules/@img/sharp-libvips-darwin-x64
359 silly ADD node_modules/@img/sharp-libvips-darwin-arm64
360 silly ADD node_modules/@img/sharp-darwin-x64
361 silly ADD node_modules/@img/sharp-darwin-arm64
362 silly ADD node_modules/@esbuild/win32-ia32
363 silly ADD node_modules/@esbuild/win32-arm64
364 silly ADD node_modules/@esbuild/sunos-x64
365 silly ADD node_modules/@esbuild/openbsd-x64
366 silly ADD node_modules/@esbuild/openbsd-arm64
367 silly ADD node_modules/@esbuild/netbsd-x64
368 silly ADD node_modules/@esbuild/netbsd-arm64
369 silly ADD node_modules/@esbuild/linux-x64
370 silly ADD node_modules/@esbuild/linux-s390x
371 silly ADD node_modules/@esbuild/linux-riscv64
372 silly ADD node_modules/@esbuild/linux-ppc64
373 silly ADD node_modules/@esbuild/linux-mips64el
374 silly ADD node_modules/@esbuild/linux-loong64
375 silly ADD node_modules/@esbuild/linux-ia32
376 silly ADD node_modules/@esbuild/linux-arm64
377 silly ADD node_modules/@esbuild/linux-arm
378 silly ADD node_modules/@esbuild/freebsd-x64
379 silly ADD node_modules/@esbuild/freebsd-arm64
380 silly ADD node_modules/@esbuild/darwin-x64
381 silly ADD node_modules/@esbuild/darwin-arm64
382 silly ADD node_modules/@esbuild/android-x64
383 silly ADD node_modules/@esbuild/android-arm64
384 silly ADD node_modules/@esbuild/android-arm
385 silly ADD node_modules/@esbuild/aix-ppc64
386 silly REMOVE node_modules/@fortawesome/free-regular-svg-icons
387 verbose cwd C:\Users\hp\OneDrive - Nigerian National Petroleum Company Limited\Documents\eta_project
388 verbose os Windows_NT 10.0.19045
389 verbose node v22.11.0
390 verbose npm  v11.4.0
391 verbose exit 0
392 info ok
