0 verbose cli C:\Program Files\nodejs\node.exe C:\Users\hp\AppData\Roaming\npm\node_modules\npm\bin\npm-cli.js
1 info using npm@11.4.0
2 info using node@v22.11.0
3 silly config load:file:C:\Users\hp\AppData\Roaming\npm\node_modules\npm\npmrc
4 silly config load:file:C:\Users\hp\OneDrive - Nigerian National Petroleum Company Limited\Documents\eta_project\.npmrc
5 silly config load:file:C:\Users\hp\.npmrc
6 silly config load:file:C:\Users\hp\AppData\Roaming\npm\etc\npmrc
7 verbose title npm install recharts lucide-react
8 verbose argv "install" "--legacy-peer-deps" "recharts" "lucide-react"
9 verbose logfile logs-max:10 dir:C:\Users\hp\OneDrive - Nigerian National Petroleum Company Limited\Documents\eta_project\clean\_logs\2025-05-21T06_15_33_112Z-
10 verbose logfile C:\Users\hp\OneDrive - Nigerian National Petroleum Company Limited\Documents\eta_project\clean\_logs\2025-05-21T06_15_33_112Z-debug-0.log
11 silly logfile start cleaning logs, removing 1 files
12 silly packumentCache heap:2197815296 maxSize:549453824 maxEntrySize:274726912
13 silly logfile done cleaning log files
14 silly idealTree buildDeps
15 silly fetch manifest lucide-react@^0.511.0
16 silly packumentCache full:https://registry.npmjs.org/lucide-react cache-miss
17 http fetch GET 200 https://registry.npmjs.org/lucide-react 1682ms (cache miss)
18 silly packumentCache full:https://registry.npmjs.org/lucide-react set size:undefined disposed:false
19 silly fetch manifest recharts@*
20 silly packumentCache full:https://registry.npmjs.org/recharts cache-miss
21 http fetch GET 200 https://registry.npmjs.org/recharts 264ms (cache miss)
22 silly packumentCache full:https://registry.npmjs.org/recharts set size:undefined disposed:false
23 silly placeDep ROOT lucide-react@0.511.0 REPLACE for: eta_project@0.1.0 want: ^0.511.0
24 silly placeDep ROOT recharts@2.15.3 OK for: eta_project@0.1.0 want: *
25 silly fetch manifest lodash@^4.17.21
26 silly packumentCache full:https://registry.npmjs.org/lodash cache-miss
27 silly fetch manifest react-smooth@^4.0.4
28 silly packumentCache full:https://registry.npmjs.org/react-smooth cache-miss
29 silly fetch manifest eventemitter3@^4.0.1
30 silly packumentCache full:https://registry.npmjs.org/eventemitter3 cache-miss
31 http fetch GET 200 https://registry.npmjs.org/lodash 229ms (cache miss)
32 silly packumentCache full:https://registry.npmjs.org/lodash set size:undefined disposed:false
33 silly fetch manifest recharts-scale@^0.4.4
34 silly packumentCache full:https://registry.npmjs.org/recharts-scale cache-miss
35 http fetch GET 200 https://registry.npmjs.org/recharts-scale 213ms (cache miss)
36 silly packumentCache full:https://registry.npmjs.org/recharts-scale set size:undefined disposed:false
37 silly fetch manifest tiny-invariant@^1.3.1
38 silly packumentCache full:https://registry.npmjs.org/tiny-invariant cache-miss
39 http fetch GET 200 https://registry.npmjs.org/tiny-invariant 251ms (cache miss)
40 silly packumentCache full:https://registry.npmjs.org/tiny-invariant set size:undefined disposed:false
41 silly fetch manifest victory-vendor@^36.6.8
42 silly packumentCache full:https://registry.npmjs.org/victory-vendor cache-miss
43 http fetch GET 200 https://registry.npmjs.org/eventemitter3 712ms (cache miss)
44 silly packumentCache full:https://registry.npmjs.org/eventemitter3 set size:undefined disposed:false
45 http fetch GET 200 https://registry.npmjs.org/react-smooth 732ms (cache miss)
46 silly packumentCache full:https://registry.npmjs.org/react-smooth set size:undefined disposed:false
47 http fetch GET 200 https://registry.npmjs.org/victory-vendor 236ms (cache miss)
48 silly packumentCache full:https://registry.npmjs.org/victory-vendor set size:undefined disposed:false
49 silly placeDep ROOT eventemitter3@4.0.7 OK for: recharts@2.15.3 want: ^4.0.1
50 silly placeDep ROOT lodash@4.17.21 OK for: recharts@2.15.3 want: ^4.17.21
51 silly placeDep ROOT react-smooth@4.0.4 OK for: recharts@2.15.3 want: ^4.0.4
52 silly placeDep ROOT recharts-scale@0.4.5 OK for: recharts@2.15.3 want: ^0.4.4
53 silly placeDep ROOT tiny-invariant@1.3.3 OK for: recharts@2.15.3 want: ^1.3.1
54 silly placeDep ROOT victory-vendor@36.9.2 OK for: recharts@2.15.3 want: ^36.6.8
55 silly fetch manifest fast-equals@^5.0.1
56 silly packumentCache full:https://registry.npmjs.org/fast-equals cache-miss
57 silly fetch manifest react-transition-group@^4.4.5
58 silly packumentCache full:https://registry.npmjs.org/react-transition-group cache-miss
59 silly fetch manifest decimal.js-light@^2.4.1
60 silly packumentCache full:https://registry.npmjs.org/decimal.js-light cache-miss
61 http fetch GET 200 https://registry.npmjs.org/fast-equals 263ms (cache miss)
62 silly packumentCache full:https://registry.npmjs.org/fast-equals set size:undefined disposed:false
63 silly fetch manifest d3-ease@^3.0.1
64 silly packumentCache full:https://registry.npmjs.org/d3-ease cache-miss
65 http fetch GET 200 https://registry.npmjs.org/decimal.js-light 289ms (cache miss)
66 silly packumentCache full:https://registry.npmjs.org/decimal.js-light set size:undefined disposed:false
67 silly fetch manifest d3-time@^3.0.0
68 silly packumentCache full:https://registry.npmjs.org/d3-time cache-miss
69 http fetch GET 200 https://registry.npmjs.org/react-transition-group 298ms (cache miss)
70 silly packumentCache full:https://registry.npmjs.org/react-transition-group set size:undefined disposed:false
71 silly fetch manifest d3-array@^3.1.6
72 silly packumentCache full:https://registry.npmjs.org/d3-array cache-miss
73 http fetch GET 200 https://registry.npmjs.org/d3-ease 219ms (cache miss)
74 silly packumentCache full:https://registry.npmjs.org/d3-ease set size:undefined disposed:false
75 silly fetch manifest d3-scale@^4.0.2
76 silly packumentCache full:https://registry.npmjs.org/d3-scale cache-miss
77 http fetch GET 200 https://registry.npmjs.org/d3-time 216ms (cache miss)
78 silly packumentCache full:https://registry.npmjs.org/d3-time set size:undefined disposed:false
79 silly fetch manifest d3-shape@^3.1.0
80 silly packumentCache full:https://registry.npmjs.org/d3-shape cache-miss
81 http fetch GET 200 https://registry.npmjs.org/d3-array 222ms (cache miss)
82 silly packumentCache full:https://registry.npmjs.org/d3-array set size:undefined disposed:false
83 silly fetch manifest d3-timer@^3.0.1
84 silly packumentCache full:https://registry.npmjs.org/d3-timer cache-miss
85 http fetch GET 200 https://registry.npmjs.org/d3-shape 238ms (cache miss)
86 silly packumentCache full:https://registry.npmjs.org/d3-shape set size:undefined disposed:false
87 silly fetch manifest @types/d3-ease@^3.0.0
88 silly packumentCache full:https://registry.npmjs.org/@types%2fd3-ease cache-miss
89 http fetch GET 200 https://registry.npmjs.org/d3-timer 233ms (cache miss)
90 silly packumentCache full:https://registry.npmjs.org/d3-timer set size:undefined disposed:false
91 silly fetch manifest @types/d3-time@^3.0.0
92 silly packumentCache full:https://registry.npmjs.org/@types%2fd3-time cache-miss
93 http fetch GET 200 https://registry.npmjs.org/d3-scale 369ms (cache miss)
94 silly packumentCache full:https://registry.npmjs.org/d3-scale set size:undefined disposed:false
95 silly fetch manifest d3-interpolate@^3.0.1
96 silly packumentCache full:https://registry.npmjs.org/d3-interpolate cache-miss
97 http fetch GET 200 https://registry.npmjs.org/@types%2fd3-time 234ms (cache miss)
98 silly packumentCache full:https://registry.npmjs.org/@types%2fd3-time set size:undefined disposed:false
99 silly fetch manifest @types/d3-array@^3.0.3
100 silly packumentCache full:https://registry.npmjs.org/@types%2fd3-array cache-miss
101 http fetch GET 200 https://registry.npmjs.org/@types%2fd3-ease 251ms (cache miss)
102 silly packumentCache full:https://registry.npmjs.org/@types%2fd3-ease set size:undefined disposed:false
103 silly fetch manifest @types/d3-scale@^4.0.2
104 silly packumentCache full:https://registry.npmjs.org/@types%2fd3-scale cache-miss
105 http fetch GET 200 https://registry.npmjs.org/d3-interpolate 205ms (cache miss)
106 silly packumentCache full:https://registry.npmjs.org/d3-interpolate set size:undefined disposed:false
107 silly fetch manifest @types/d3-shape@^3.1.0
108 silly packumentCache full:https://registry.npmjs.org/@types%2fd3-shape cache-miss
109 http fetch GET 200 https://registry.npmjs.org/@types%2fd3-scale 230ms (cache miss)
110 silly packumentCache full:https://registry.npmjs.org/@types%2fd3-scale set size:undefined disposed:false
111 silly fetch manifest @types/d3-timer@^3.0.0
112 silly packumentCache full:https://registry.npmjs.org/@types%2fd3-timer cache-miss
113 http fetch GET 200 https://registry.npmjs.org/@types%2fd3-array 242ms (cache miss)
114 silly packumentCache full:https://registry.npmjs.org/@types%2fd3-array set size:undefined disposed:false
115 silly fetch manifest @types/d3-interpolate@^3.0.1
116 silly packumentCache full:https://registry.npmjs.org/@types%2fd3-interpolate cache-miss
117 http fetch GET 200 https://registry.npmjs.org/@types%2fd3-shape 200ms (cache miss)
118 silly packumentCache full:https://registry.npmjs.org/@types%2fd3-shape set size:undefined disposed:false
119 http fetch GET 200 https://registry.npmjs.org/@types%2fd3-timer 201ms (cache miss)
120 silly packumentCache full:https://registry.npmjs.org/@types%2fd3-timer set size:undefined disposed:false
121 http fetch GET 200 https://registry.npmjs.org/@types%2fd3-interpolate 204ms (cache miss)
122 silly packumentCache full:https://registry.npmjs.org/@types%2fd3-interpolate set size:undefined disposed:false
123 silly placeDep ROOT fast-equals@5.2.2 OK for: react-smooth@4.0.4 want: ^5.0.1
124 silly placeDep ROOT react-transition-group@4.4.5 OK for: react-smooth@4.0.4 want: ^4.4.5
125 silly fetch manifest @babel/runtime@^7.5.5
126 silly packumentCache full:https://registry.npmjs.org/@babel%2fruntime cache-miss
127 silly fetch manifest dom-helpers@^5.0.1
128 silly packumentCache full:https://registry.npmjs.org/dom-helpers cache-miss
129 http fetch GET 200 https://registry.npmjs.org/dom-helpers 226ms (cache miss)
130 silly packumentCache full:https://registry.npmjs.org/dom-helpers set size:undefined disposed:false
131 http fetch GET 200 https://registry.npmjs.org/@babel%2fruntime 293ms (cache miss)
132 silly packumentCache full:https://registry.npmjs.org/@babel%2fruntime set size:undefined disposed:false
133 silly placeDep ROOT @babel/runtime@7.27.1 OK for: react-transition-group@4.4.5 want: ^7.5.5
134 silly placeDep ROOT dom-helpers@5.2.1 OK for: react-transition-group@4.4.5 want: ^5.0.1
135 silly placeDep ROOT decimal.js-light@2.5.1 OK for: recharts-scale@0.4.5 want: ^2.4.1
136 silly placeDep ROOT @types/d3-array@3.2.1 OK for: victory-vendor@36.9.2 want: ^3.0.3
137 silly placeDep ROOT @types/d3-ease@3.0.2 OK for: victory-vendor@36.9.2 want: ^3.0.0
138 silly placeDep ROOT @types/d3-interpolate@3.0.4 OK for: victory-vendor@36.9.2 want: ^3.0.1
139 silly placeDep ROOT @types/d3-scale@4.0.9 OK for: victory-vendor@36.9.2 want: ^4.0.2
140 silly placeDep ROOT @types/d3-shape@3.1.7 OK for: victory-vendor@36.9.2 want: ^3.1.0
141 silly placeDep ROOT @types/d3-time@3.0.4 OK for: victory-vendor@36.9.2 want: ^3.0.0
142 silly placeDep ROOT @types/d3-timer@3.0.2 OK for: victory-vendor@36.9.2 want: ^3.0.0
143 silly placeDep ROOT d3-array@3.2.4 OK for: victory-vendor@36.9.2 want: ^3.1.6
144 silly placeDep ROOT d3-ease@3.0.1 OK for: victory-vendor@36.9.2 want: ^3.0.1
145 silly placeDep ROOT d3-interpolate@3.0.1 OK for: victory-vendor@36.9.2 want: ^3.0.1
146 silly placeDep ROOT d3-scale@4.0.2 OK for: victory-vendor@36.9.2 want: ^4.0.2
147 silly placeDep ROOT d3-shape@3.2.0 OK for: victory-vendor@36.9.2 want: ^3.1.0
148 silly placeDep ROOT d3-time@3.1.0 OK for: victory-vendor@36.9.2 want: ^3.0.0
149 silly placeDep ROOT d3-timer@3.0.1 OK for: victory-vendor@36.9.2 want: ^3.0.1
150 silly fetch manifest @types/d3-color@*
151 silly packumentCache full:https://registry.npmjs.org/@types%2fd3-color cache-miss
152 silly fetch manifest @types/d3-time@*
153 silly packumentCache full:https://registry.npmjs.org/@types%2fd3-time cache-miss
154 silly fetch manifest @types/d3-path@*
155 silly packumentCache full:https://registry.npmjs.org/@types%2fd3-path cache-miss
156 http cache https://registry.npmjs.org/@types%2fd3-time 60ms (cache hit)
157 silly packumentCache full:https://registry.npmjs.org/@types%2fd3-time set size:52636 disposed:false
158 silly fetch manifest internmap@1 - 2
159 silly packumentCache full:https://registry.npmjs.org/internmap cache-miss
160 http fetch GET 200 https://registry.npmjs.org/internmap 214ms (cache miss)
161 silly packumentCache full:https://registry.npmjs.org/internmap set size:undefined disposed:false
162 silly fetch manifest d3-color@1 - 3
163 silly packumentCache full:https://registry.npmjs.org/d3-color cache-miss
164 http fetch GET 200 https://registry.npmjs.org/@types%2fd3-color 298ms (cache miss)
165 silly packumentCache full:https://registry.npmjs.org/@types%2fd3-color set size:undefined disposed:false
166 silly fetch manifest d3-format@1 - 3
167 silly packumentCache full:https://registry.npmjs.org/d3-format cache-miss
168 http fetch GET 200 https://registry.npmjs.org/@types%2fd3-path 299ms (cache miss)
169 silly packumentCache full:https://registry.npmjs.org/@types%2fd3-path set size:undefined disposed:false
170 silly fetch manifest d3-time@2.1.1 - 3
171 silly packumentCache full:https://registry.npmjs.org/d3-time cache-miss
172 http cache https://registry.npmjs.org/d3-time 9ms (cache hit)
173 silly packumentCache full:https://registry.npmjs.org/d3-time set size:150406 disposed:false
174 silly fetch manifest d3-time-format@2 - 4
175 silly packumentCache full:https://registry.npmjs.org/d3-time-format cache-miss
176 http fetch GET 200 https://registry.npmjs.org/d3-color 198ms (cache miss)
177 silly packumentCache full:https://registry.npmjs.org/d3-color set size:undefined disposed:false
178 silly fetch manifest d3-path@^3.1.0
179 silly packumentCache full:https://registry.npmjs.org/d3-path cache-miss
180 http fetch GET 200 https://registry.npmjs.org/d3-format 204ms (cache miss)
181 silly packumentCache full:https://registry.npmjs.org/d3-format set size:undefined disposed:false
182 http fetch GET 200 https://registry.npmjs.org/d3-time-format 214ms (cache miss)
183 silly packumentCache full:https://registry.npmjs.org/d3-time-format set size:undefined disposed:false
184 http fetch GET 200 https://registry.npmjs.org/d3-path 208ms (cache miss)
185 silly packumentCache full:https://registry.npmjs.org/d3-path set size:undefined disposed:false
186 silly placeDep ROOT @types/d3-color@3.1.3 OK for: @types/d3-interpolate@3.0.4 want: *
187 silly placeDep ROOT @types/d3-path@3.1.1 OK for: @types/d3-shape@3.1.7 want: *
188 silly placeDep ROOT internmap@2.0.3 OK for: d3-array@3.2.4 want: 1 - 2
189 silly placeDep ROOT d3-color@3.1.0 OK for: d3-interpolate@3.0.1 want: 1 - 3
190 silly placeDep ROOT d3-format@3.1.0 OK for: d3-scale@4.0.2 want: 1 - 3
191 silly placeDep ROOT d3-time-format@4.1.0 OK for: d3-scale@4.0.2 want: 2 - 4
192 silly placeDep ROOT d3-path@3.1.0 OK for: d3-shape@3.2.0 want: ^3.1.0
193 silly reify moves {}
194 silly audit bulk request {
194 silly audit   '@alloc/quick-lru': [ '5.2.0' ],
194 silly audit   '@ampproject/remapping': [ '2.3.0' ],
194 silly audit   '@date-fns/tz': [ '1.2.0' ],
194 silly audit   '@emnapi/core': [ '1.4.3' ],
194 silly audit   '@emnapi/runtime': [ '1.4.3' ],
194 silly audit   '@emnapi/wasi-threads': [ '1.0.2' ],
194 silly audit   '@esbuild/aix-ppc64': [ '0.25.4' ],
194 silly audit   '@esbuild/android-arm': [ '0.25.4' ],
194 silly audit   '@esbuild/android-arm64': [ '0.25.4' ],
194 silly audit   '@esbuild/android-x64': [ '0.25.4' ],
194 silly audit   '@esbuild/darwin-arm64': [ '0.25.4' ],
194 silly audit   '@esbuild/darwin-x64': [ '0.25.4' ],
194 silly audit   '@esbuild/freebsd-arm64': [ '0.25.4' ],
194 silly audit   '@esbuild/freebsd-x64': [ '0.25.4' ],
194 silly audit   '@esbuild/linux-arm': [ '0.25.4' ],
194 silly audit   '@esbuild/linux-arm64': [ '0.25.4' ],
194 silly audit   '@esbuild/linux-ia32': [ '0.25.4' ],
194 silly audit   '@esbuild/linux-loong64': [ '0.25.4' ],
194 silly audit   '@esbuild/linux-mips64el': [ '0.25.4' ],
194 silly audit   '@esbuild/linux-ppc64': [ '0.25.4' ],
194 silly audit   '@esbuild/linux-riscv64': [ '0.25.4' ],
194 silly audit   '@esbuild/linux-s390x': [ '0.25.4' ],
194 silly audit   '@esbuild/linux-x64': [ '0.25.4' ],
194 silly audit   '@esbuild/netbsd-arm64': [ '0.25.4' ],
194 silly audit   '@esbuild/netbsd-x64': [ '0.25.4' ],
194 silly audit   '@esbuild/openbsd-arm64': [ '0.25.4' ],
194 silly audit   '@esbuild/openbsd-x64': [ '0.25.4' ],
194 silly audit   '@esbuild/sunos-x64': [ '0.25.4' ],
194 silly audit   '@esbuild/win32-arm64': [ '0.25.4' ],
194 silly audit   '@esbuild/win32-ia32': [ '0.25.4' ],
194 silly audit   '@esbuild/win32-x64': [ '0.25.4' ],
194 silly audit   '@eslint-community/eslint-utils': [ '4.7.0' ],
194 silly audit   'eslint-visitor-keys': [ '3.4.3', '4.2.0' ],
194 silly audit   '@eslint-community/regexpp': [ '4.12.1' ],
194 silly audit   '@eslint/config-array': [ '0.20.0' ],
194 silly audit   'brace-expansion': [ '1.1.11', '2.0.1' ],
194 silly audit   minimatch: [ '3.1.2', '9.0.5' ],
194 silly audit   '@eslint/config-helpers': [ '0.2.2' ],
194 silly audit   '@eslint/core': [ '0.14.0' ],
194 silly audit   '@eslint/eslintrc': [ '3.3.1' ],
194 silly audit   globals: [ '14.0.0', '15.15.0' ],
194 silly audit   '@eslint/js': [ '9.27.0' ],
194 silly audit   '@eslint/object-schema': [ '2.1.6' ],
194 silly audit   '@eslint/plugin-kit': [ '0.3.1' ],
194 silly audit   '@floating-ui/core': [ '1.7.0' ],
194 silly audit   '@floating-ui/dom': [ '1.7.0' ],
194 silly audit   '@floating-ui/react-dom': [ '2.1.2' ],
194 silly audit   '@floating-ui/utils': [ '0.2.9' ],
194 silly audit   '@fortawesome/fontawesome-common-types': [ '6.7.2' ],
194 silly audit   '@fortawesome/fontawesome-svg-core': [ '6.7.2' ],
194 silly audit   '@fortawesome/free-brands-svg-icons': [ '6.7.2' ],
194 silly audit   '@fortawesome/free-regular-svg-icons': [ '6.7.2' ],
194 silly audit   '@fortawesome/free-solid-svg-icons': [ '6.7.2' ],
194 silly audit   '@heroicons/react': [ '2.2.0' ],
194 silly audit   '@hugeicons/react': [ '1.0.5' ],
194 silly audit   '@humanfs/core': [ '0.19.1' ],
194 silly audit   '@humanfs/node': [ '0.16.6' ],
194 silly audit   '@humanwhocodes/retry': [ '0.3.1', '0.4.3' ],
194 silly audit   '@humanwhocodes/module-importer': [ '1.0.1' ],
194 silly audit   '@img/sharp-darwin-arm64': [ '0.34.1' ],
194 silly audit   '@img/sharp-darwin-x64': [ '0.34.1' ],
194 silly audit   '@img/sharp-libvips-darwin-arm64': [ '1.1.0' ],
194 silly audit   '@img/sharp-libvips-darwin-x64': [ '1.1.0' ],
194 silly audit   '@img/sharp-libvips-linux-arm': [ '1.1.0' ],
194 silly audit   '@img/sharp-libvips-linux-arm64': [ '1.1.0' ],
194 silly audit   '@img/sharp-libvips-linux-ppc64': [ '1.1.0' ],
194 silly audit   '@img/sharp-libvips-linux-s390x': [ '1.1.0' ],
194 silly audit   '@img/sharp-libvips-linux-x64': [ '1.1.0' ],
194 silly audit   '@img/sharp-libvips-linuxmusl-arm64': [ '1.1.0' ],
194 silly audit   '@img/sharp-libvips-linuxmusl-x64': [ '1.1.0' ],
194 silly audit   '@img/sharp-linux-arm': [ '0.34.1' ],
194 silly audit   '@img/sharp-linux-arm64': [ '0.34.1' ],
194 silly audit   '@img/sharp-linux-s390x': [ '0.34.1' ],
194 silly audit   '@img/sharp-linux-x64': [ '0.34.1' ],
194 silly audit   '@img/sharp-linuxmusl-arm64': [ '0.34.1' ],
194 silly audit   '@img/sharp-linuxmusl-x64': [ '0.34.1' ],
194 silly audit   '@img/sharp-wasm32': [ '0.34.1' ],
194 silly audit   '@img/sharp-win32-ia32': [ '0.34.1' ],
194 silly audit   '@img/sharp-win32-x64': [ '0.34.1' ],
194 silly audit   '@isaacs/fs-minipass': [ '4.0.1' ],
194 silly audit   '@jridgewell/gen-mapping': [ '0.3.8' ],
194 silly audit   '@jridgewell/resolve-uri': [ '3.1.2' ],
194 silly audit   '@jridgewell/set-array': [ '1.2.1' ],
194 silly audit   '@jridgewell/sourcemap-codec': [ '1.5.0' ],
194 silly audit   '@jridgewell/trace-mapping': [ '0.3.25' ],
194 silly audit   '@kurkle/color': [ '0.3.4' ],
194 silly audit   '@napi-rs/wasm-runtime': [ '0.2.10' ],
194 silly audit   '@next/env': [ '15.3.2' ],
194 silly audit   '@next/eslint-plugin-next': [ '15.3.2' ],
194 silly audit   'fast-glob': [ '3.3.1', '3.3.3' ],
194 silly audit   '@next/swc-darwin-arm64': [ '15.3.2' ],
194 silly audit   '@next/swc-darwin-x64': [ '15.3.2' ],
194 silly audit   '@next/swc-linux-arm64-gnu': [ '15.3.2' ],
194 silly audit   '@next/swc-linux-arm64-musl': [ '15.3.2' ],
194 silly audit   '@next/swc-linux-x64-gnu': [ '15.3.2' ],
194 silly audit   '@next/swc-linux-x64-musl': [ '15.3.2' ],
194 silly audit   '@next/swc-win32-arm64-msvc': [ '15.3.2' ],
194 silly audit   '@next/swc-win32-x64-msvc': [ '15.3.2' ],
194 silly audit   '@nodelib/fs.scandir': [ '2.1.5' ],
194 silly audit   '@nodelib/fs.stat': [ '2.0.5' ],
194 silly audit   '@nodelib/fs.walk': [ '1.2.8' ],
194 silly audit   '@nolyfill/is-core-module': [ '1.0.39' ],
194 silly audit   '@polka/url': [ '1.0.0-next.29' ],
194 silly audit   '@radix-ui/number': [ '1.1.1' ],
194 silly audit   '@radix-ui/primitive': [ '1.1.2' ],
194 silly audit   '@radix-ui/react-alert-dialog': [ '1.1.13' ],
194 silly audit   '@radix-ui/react-dialog': [ '1.1.13', '1.1.14' ],
194 silly audit   '@radix-ui/react-arrow': [ '1.1.6' ],
194 silly audit   '@radix-ui/react-avatar': [ '1.1.9' ],
194 silly audit   '@radix-ui/react-collection': [ '1.1.6', '1.1.7' ],
194 silly audit   '@radix-ui/react-compose-refs': [ '1.1.2' ],
194 silly audit   '@radix-ui/react-context': [ '1.1.2' ],
194 silly audit   '@radix-ui/react-dismissable-layer': [ '1.1.10', '1.1.9' ],
194 silly audit   '@radix-ui/react-focus-scope': [ '1.1.7', '1.1.6' ],
194 silly audit   '@radix-ui/react-portal': [ '1.1.9', '1.1.8' ],
194 silly audit   '@radix-ui/react-primitive': [ '2.1.3', '2.1.2' ],
194 silly audit   '@radix-ui/react-slot': [ '1.2.3', '1.2.2' ],
194 silly audit   '@radix-ui/react-direction': [ '1.1.1' ],
194 silly audit   '@radix-ui/react-dropdown-menu': [ '2.1.14' ],
194 silly audit   '@radix-ui/react-focus-guards': [ '1.1.2' ],
194 silly audit   '@radix-ui/react-id': [ '1.1.1' ],
194 silly audit   '@radix-ui/react-label': [ '2.1.6' ],
194 silly audit   '@radix-ui/react-menu': [ '2.1.14' ],
194 silly audit   '@radix-ui/react-popover': [ '1.1.13' ],
194 silly audit   '@radix-ui/react-popper': [ '1.2.6' ],
194 silly audit   '@radix-ui/react-presence': [ '1.1.4' ],
194 silly audit   '@radix-ui/react-radio-group': [ '1.3.7' ],
194 silly audit   '@radix-ui/react-roving-focus': [ '1.1.10', '1.1.9' ],
194 silly audit   '@radix-ui/react-select': [ '2.2.4' ],
194 silly audit   '@radix-ui/react-use-callback-ref': [ '1.1.1' ],
194 silly audit   '@radix-ui/react-use-controllable-state': [ '1.2.2' ],
194 silly audit   '@radix-ui/react-use-effect-event': [ '0.0.2' ],
194 silly audit   '@radix-ui/react-use-escape-keydown': [ '1.1.1' ],
194 silly audit   '@radix-ui/react-use-is-hydrated': [ '0.1.0' ],
194 silly audit   '@radix-ui/react-use-layout-effect': [ '1.1.1' ],
194 silly audit   '@radix-ui/react-use-previous': [ '1.1.1' ],
194 silly audit   '@radix-ui/react-use-rect': [ '1.1.1' ],
194 silly audit   '@radix-ui/react-use-size': [ '1.1.1' ],
194 silly audit   '@radix-ui/react-visually-hidden': [ '1.2.2' ],
194 silly audit   '@radix-ui/rect': [ '1.1.1' ],
194 silly audit   '@reduxjs/toolkit': [ '2.8.2' ],
194 silly audit   '@rollup/rollup-android-arm-eabi': [ '4.41.0' ],
194 silly audit   '@rollup/rollup-android-arm64': [ '4.41.0' ],
194 silly audit   '@rollup/rollup-darwin-arm64': [ '4.41.0' ],
194 silly audit   '@rollup/rollup-darwin-x64': [ '4.41.0' ],
194 silly audit   '@rollup/rollup-freebsd-arm64': [ '4.41.0' ],
194 silly audit   '@rollup/rollup-freebsd-x64': [ '4.41.0' ],
194 silly audit   '@rollup/rollup-linux-arm-gnueabihf': [ '4.41.0' ],
194 silly audit   '@rollup/rollup-linux-arm-musleabihf': [ '4.41.0' ],
194 silly audit   '@rollup/rollup-linux-arm64-gnu': [ '4.41.0' ],
194 silly audit   '@rollup/rollup-linux-arm64-musl': [ '4.41.0' ],
194 silly audit   '@rollup/rollup-linux-loongarch64-gnu': [ '4.41.0' ],
194 silly audit   '@rollup/rollup-linux-powerpc64le-gnu': [ '4.41.0' ],
194 silly audit   '@rollup/rollup-linux-riscv64-gnu': [ '4.41.0' ],
194 silly audit   '@rollup/rollup-linux-riscv64-musl': [ '4.41.0' ],
194 silly audit   '@rollup/rollup-linux-s390x-gnu': [ '4.41.0' ],
194 silly audit   '@rollup/rollup-linux-x64-gnu': [ '4.41.0' ],
194 silly audit   '@rollup/rollup-linux-x64-musl': [ '4.41.0' ],
194 silly audit   '@rollup/rollup-win32-arm64-msvc': [ '4.41.0' ],
194 silly audit   '@rollup/rollup-win32-ia32-msvc': [ '4.41.0' ],
194 silly audit   '@rollup/rollup-win32-x64-msvc': [ '4.41.0' ],
194 silly audit   '@rtsao/scc': [ '1.1.0' ],
194 silly audit   '@rushstack/eslint-patch': [ '1.11.0' ],
194 silly audit   '@standard-schema/spec': [ '1.0.0' ],
194 silly audit   '@standard-schema/utils': [ '0.3.0' ],
194 silly audit   '@swc/core': [ '1.11.24' ],
194 silly audit   '@swc/core-darwin-arm64': [ '1.11.24' ],
194 silly audit   '@swc/core-darwin-x64': [ '1.11.24' ],
194 silly audit   '@swc/core-linux-arm-gnueabihf': [ '1.11.24' ],
194 silly audit   '@swc/core-linux-arm64-gnu': [ '1.11.24' ],
194 silly audit   '@swc/core-linux-arm64-musl': [ '1.11.24' ],
194 silly audit   '@swc/core-linux-x64-gnu': [ '1.11.24' ],
194 silly audit   '@swc/core-linux-x64-musl': [ '1.11.24' ],
194 silly audit   '@swc/core-win32-arm64-msvc': [ '1.11.24' ],
194 silly audit   '@swc/core-win32-ia32-msvc': [ '1.11.24' ],
194 silly audit   '@swc/core-win32-x64-msvc': [ '1.11.24' ],
194 silly audit   '@swc/counter': [ '0.1.3' ],
194 silly audit   '@swc/types': [ '0.1.21' ],
194 silly audit   '@tailwindcss/node': [ '4.1.7' ],
194 silly audit   '@tailwindcss/oxide': [ '4.1.7' ],
194 silly audit   '@tailwindcss/oxide-android-arm64': [ '4.1.7' ],
194 silly audit   '@tailwindcss/oxide-darwin-arm64': [ '4.1.7' ],
194 silly audit   '@tailwindcss/oxide-darwin-x64': [ '4.1.7' ],
194 silly audit   '@tailwindcss/oxide-freebsd-x64': [ '4.1.7' ],
194 silly audit   '@tailwindcss/oxide-linux-arm-gnueabihf': [ '4.1.7' ],
194 silly audit   '@tailwindcss/oxide-linux-arm64-gnu': [ '4.1.7' ],
194 silly audit   '@tailwindcss/oxide-linux-arm64-musl': [ '4.1.7' ],
194 silly audit   '@tailwindcss/oxide-linux-x64-gnu': [ '4.1.7' ],
194 silly audit   '@tailwindcss/oxide-linux-x64-musl': [ '4.1.7' ],
194 silly audit   '@tailwindcss/oxide-wasm32-wasi': [ '4.1.7' ],
194 silly audit   '@tailwindcss/oxide-win32-arm64-msvc': [ '4.1.7' ],
194 silly audit   '@tailwindcss/oxide-win32-x64-msvc': [ '4.1.7' ],
194 silly audit   '@tailwindcss/postcss': [ '4.1.7' ],
194 silly audit   '@tailwindcss/vite': [ '4.1.7' ],
194 silly audit   '@tinyhttp/accepts': [ '2.2.3' ],
194 silly audit   '@tinyhttp/app': [ '2.5.2' ],
194 silly audit   '@tinyhttp/content-disposition': [ '2.2.2' ],
194 silly audit   '@tinyhttp/content-type': [ '0.1.4' ],
194 silly audit   '@tinyhttp/cookie': [ '2.1.1' ],
194 silly audit   '@tinyhttp/cookie-signature': [ '2.1.1' ],
194 silly audit   '@tinyhttp/cors': [ '2.0.1' ],
194 silly audit   '@tinyhttp/encode-url': [ '2.1.1' ],
194 silly audit   '@tinyhttp/etag': [ '2.1.2' ],
194 silly audit   '@tinyhttp/forwarded': [ '2.1.2' ],
194 silly audit   '@tinyhttp/logger': [ '2.1.0' ],
194 silly audit   '@tinyhttp/proxy-addr': [ '2.2.1' ],
194 silly audit   '@tinyhttp/req': [ '2.2.5' ],
194 silly audit   '@tinyhttp/res': [ '2.2.5' ],
194 silly audit   '@tinyhttp/router': [ '2.2.3' ],
194 silly audit   '@tinyhttp/send': [ '2.2.3' ],
194 silly audit   '@tinyhttp/type-is': [ '2.2.4' ],
194 silly audit   '@tinyhttp/url': [ '2.1.1' ],
194 silly audit   '@tinyhttp/vary': [ '0.1.3' ],
194 silly audit   '@tybys/wasm-util': [ '0.9.0' ],
194 silly audit   '@types/estree': [ '1.0.7' ],
194 silly audit   '@types/json-schema': [ '7.0.15' ],
194 silly audit   '@types/json5': [ '0.0.29' ],
194 silly audit   '@types/node': [ '20.17.48' ],
194 silly audit   '@types/react': [ '19.1.4' ],
194 silly audit   '@types/react-dom': [ '19.1.5' ],
194 silly audit   '@types/use-sync-external-store': [ '0.0.6' ],
194 silly audit   '@types/uuid': [ '10.0.0' ],
194 silly audit   '@typescript-eslint/eslint-plugin': [ '8.32.1' ],
194 silly audit   ignore: [ '7.0.4', '5.3.2' ],
194 silly audit   '@typescript-eslint/parser': [ '8.32.1' ],
194 silly audit   '@typescript-eslint/scope-manager': [ '8.32.1' ],
194 silly audit   '@typescript-eslint/type-utils': [ '8.32.1' ],
194 silly audit   '@typescript-eslint/types': [ '8.32.1' ],
194 silly audit   '@typescript-eslint/typescript-estree': [ '8.32.1' ],
194 silly audit   semver: [ '7.7.2', '6.3.1' ],
194 silly audit   '@typescript-eslint/utils': [ '8.32.1' ],
194 silly audit   '@typescript-eslint/visitor-keys': [ '8.32.1' ],
194 silly audit   '@unrs/resolver-binding-darwin-arm64': [ '1.7.2' ],
194 silly audit   '@unrs/resolver-binding-darwin-x64': [ '1.7.2' ],
194 silly audit   '@unrs/resolver-binding-freebsd-x64': [ '1.7.2' ],
194 silly audit   '@unrs/resolver-binding-linux-arm-gnueabihf': [ '1.7.2' ],
194 silly audit   '@unrs/resolver-binding-linux-arm-musleabihf': [ '1.7.2' ],
194 silly audit   '@unrs/resolver-binding-linux-arm64-gnu': [ '1.7.2' ],
194 silly audit   '@unrs/resolver-binding-linux-arm64-musl': [ '1.7.2' ],
194 silly audit   '@unrs/resolver-binding-linux-ppc64-gnu': [ '1.7.2' ],
194 silly audit   '@unrs/resolver-binding-linux-riscv64-gnu': [ '1.7.2' ],
194 silly audit   '@unrs/resolver-binding-linux-riscv64-musl': [ '1.7.2' ],
194 silly audit   '@unrs/resolver-binding-linux-s390x-gnu': [ '1.7.2' ],
194 silly audit   '@unrs/resolver-binding-linux-x64-gnu': [ '1.7.2' ],
194 silly audit   '@unrs/resolver-binding-linux-x64-musl': [ '1.7.2' ],
194 silly audit   '@unrs/resolver-binding-wasm32-wasi': [ '1.7.2' ],
194 silly audit   '@unrs/resolver-binding-win32-arm64-msvc': [ '1.7.2' ],
194 silly audit   '@unrs/resolver-binding-win32-ia32-msvc': [ '1.7.2' ],
194 silly audit   '@unrs/resolver-binding-win32-x64-msvc': [ '1.7.2' ],
194 silly audit   '@vitejs/plugin-react-swc': [ '3.9.0' ],
194 silly audit   acorn: [ '8.14.1' ],
194 silly audit   'acorn-jsx': [ '5.3.2' ],
194 silly audit   ajv: [ '6.12.6' ],
194 silly audit   'ansi-styles': [ '4.3.0' ],
194 silly audit   argparse: [ '2.0.1' ],
194 silly audit   'aria-hidden': [ '1.2.6' ],
194 silly audit   'aria-query': [ '5.3.2' ],
194 silly audit   'array-buffer-byte-length': [ '1.0.2' ],
194 silly audit   'array-includes': [ '3.1.8' ],
194 silly audit   'array.prototype.findlast': [ '1.2.5' ],
194 silly audit   'array.prototype.findlastindex': [ '1.2.6' ],
194 silly audit   'array.prototype.flat': [ '1.3.3' ],
194 silly audit   'array.prototype.flatmap': [ '1.3.3' ],
194 silly audit   'array.prototype.tosorted': [ '1.1.4' ],
194 silly audit   'arraybuffer.prototype.slice': [ '1.0.4' ],
194 silly audit   'ast-types-flow': [ '0.0.8' ],
194 silly audit   'async-function': [ '1.0.0' ],
194 silly audit   autoprefixer: [ '10.4.21' ],
194 silly audit   'available-typed-arrays': [ '1.0.7' ],
194 silly audit   'axe-core': [ '4.10.3' ],
194 silly audit   'axobject-query': [ '4.1.0' ],
194 silly audit   'balanced-match': [ '1.0.2' ],
194 silly audit   braces: [ '3.0.3' ],
194 silly audit   browserslist: [ '4.24.5' ],
194 silly audit   busboy: [ '1.6.0' ],
194 silly audit   'call-bind': [ '1.0.8' ],
194 silly audit   'call-bind-apply-helpers': [ '1.0.2' ],
194 silly audit   'call-bound': [ '1.0.4' ],
194 silly audit   callsites: [ '3.1.0' ],
194 silly audit   'caniuse-lite': [ '1.0.30001718' ],
194 silly audit   chalk: [ '5.4.1', '4.1.2' ],
194 silly audit   'chart.js': [ '4.4.9' ],
194 silly audit   chokidar: [ '4.0.3' ],
194 silly audit   chownr: [ '3.0.0' ],
194 silly audit   'class-variance-authority': [ '0.7.1' ],
194 silly audit   'client-only': [ '0.0.1' ],
194 silly audit   clsx: [ '2.1.1' ],
194 silly audit   color: [ '4.2.3' ],
194 silly audit   'color-convert': [ '2.0.1' ],
194 silly audit   'color-name': [ '1.1.4' ],
194 silly audit   'color-string': [ '1.9.1' ],
194 silly audit   colorette: [ '2.0.20' ],
194 silly audit   'concat-map': [ '0.0.1' ],
194 silly audit   'cross-spawn': [ '7.0.6' ],
194 silly audit   csstype: [ '3.1.3' ],
194 silly audit   daisyui: [ '5.0.35' ],
194 silly audit   'damerau-levenshtein': [ '1.0.8' ],
194 silly audit   'data-view-buffer': [ '1.0.2' ],
194 silly audit   'data-view-byte-length': [ '1.0.2' ],
194 silly audit   'data-view-byte-offset': [ '1.0.1' ],
194 silly audit   'date-fns': [ '4.1.0' ],
194 silly audit   'date-fns-jalali': [ '4.1.0-0' ],
194 silly audit   dayjs: [ '1.11.13' ],
194 silly audit   debug: [ '4.4.1', '3.2.7' ],
194 silly audit   'deep-is': [ '0.1.4' ],
194 silly audit   'define-data-property': [ '1.1.4' ],
194 silly audit   'define-properties': [ '1.2.1' ],
194 silly audit   'detect-libc': [ '2.0.4' ],
194 silly audit   'detect-node-es': [ '1.1.0' ],
194 silly audit   doctrine: [ '2.1.0' ],
194 silly audit   'dot-prop': [ '9.0.0' ],
194 silly audit   'dunder-proto': [ '1.0.1' ],
194 silly audit   'electron-to-chromium': [ '1.5.155' ],
194 silly audit   'emoji-picker-react': [ '4.12.2' ],
194 silly audit   'enhanced-resolve': [ '5.18.1' ],
194 silly audit   'es-abstract': [ '1.23.9' ],
194 silly audit   'es-define-property': [ '1.0.1' ],
194 silly audit   'es-errors': [ '1.3.0' ],
194 silly audit   'es-escape-html': [ '0.1.1' ],
194 silly audit   'es-iterator-helpers': [ '1.2.1' ],
194 silly audit   'es-object-atoms': [ '1.1.1' ],
194 silly audit   'es-set-tostringtag': [ '2.1.0' ],
194 silly audit   'es-shim-unscopables': [ '1.1.0' ],
194 silly audit   'es-to-primitive': [ '1.3.0' ],
194 silly audit   esbuild: [ '0.25.4' ],
194 silly audit   escalade: [ '3.2.0' ],
194 silly audit   'escape-string-regexp': [ '4.0.0' ],
194 silly audit   eslint: [ '9.27.0' ],
194 silly audit   'eslint-config-next': [ '15.3.2' ],
194 silly audit   'eslint-import-resolver-node': [ '0.3.9' ],
194 silly audit   'eslint-import-resolver-typescript': [ '3.10.1' ],
194 silly audit   'eslint-module-utils': [ '2.12.0' ],
194 silly audit   'eslint-plugin-import': [ '2.31.0' ],
194 silly audit   json5: [ '1.0.2', '2.2.3' ],
194 silly audit   'tsconfig-paths': [ '3.15.0' ],
194 silly audit   'eslint-plugin-jsx-a11y': [ '6.10.2' ],
194 silly audit   'emoji-regex': [ '9.2.2' ],
194 silly audit   'eslint-plugin-react': [ '7.37.5' ],
194 silly audit   'eslint-plugin-react-hooks': [ '5.2.0' ],
194 silly audit   'eslint-plugin-react-refresh': [ '0.4.20' ],
194 silly audit   resolve: [ '2.0.0-next.5', '1.22.10' ],
194 silly audit   'eslint-scope': [ '8.3.0' ],
194 silly audit   'glob-parent': [ '6.0.2', '5.1.2' ],
194 silly audit   espree: [ '10.3.0' ],
194 silly audit   esquery: [ '1.6.0' ],
194 silly audit   esrecurse: [ '4.3.0' ],
194 silly audit   estraverse: [ '5.3.0' ],
194 silly audit   esutils: [ '2.0.3' ],
194 silly audit   eta: [ '3.5.0' ],
194 silly audit   'fast-deep-equal': [ '3.1.3' ],
194 silly audit   'fast-json-stable-stringify': [ '2.1.0' ],
194 silly audit   'fast-levenshtein': [ '2.0.6' ],
194 silly audit   fastq: [ '1.19.1' ],
194 silly audit   'file-entry-cache': [ '8.0.0' ],
194 silly audit   'fill-range': [ '7.1.1' ],
194 silly audit   'find-up': [ '5.0.0' ],
194 silly audit   flairup: [ '1.0.0' ],
194 silly audit   'flat-cache': [ '4.0.1' ],
194 silly audit   flatted: [ '3.3.3' ],
194 silly audit   'for-each': [ '0.3.5' ],
194 silly audit   'fraction.js': [ '4.3.7' ],
194 silly audit   'framer-motion': [ '12.12.1' ],
194 silly audit   fsevents: [ '2.3.3' ],
194 silly audit   'function-bind': [ '1.1.2' ],
194 silly audit   'function.prototype.name': [ '1.1.8' ],
194 silly audit   'functions-have-names': [ '1.2.3' ],
194 silly audit   'get-intrinsic': [ '1.3.0' ],
194 silly audit   'get-nonce': [ '1.0.1' ],
194 silly audit   'get-proto': [ '1.0.1' ],
194 silly audit   'get-symbol-description': [ '1.1.0' ],
194 silly audit   'get-tsconfig': [ '4.10.0' ],
194 silly audit   globalthis: [ '1.0.4' ],
194 silly audit   gopd: [ '1.2.0' ],
194 silly audit   'graceful-fs': [ '4.2.11' ],
194 silly audit   graphemer: [ '1.4.0' ],
194 silly audit   'has-bigints': [ '1.1.0' ],
194 silly audit   'has-flag': [ '4.0.0' ],
194 silly audit   'has-property-descriptors': [ '1.0.2' ],
194 silly audit   'has-proto': [ '1.2.0' ],
194 silly audit   'has-symbols': [ '1.1.0' ],
194 silly audit   'has-tostringtag': [ '1.0.2' ],
194 silly audit   hasown: [ '2.0.2' ],
194 silly audit   'header-range-parser': [ '1.1.3' ],
194 silly audit   'http-status-emojis': [ '2.2.0' ],
194 silly audit   immer: [ '10.1.1' ],
194 silly audit   'import-fresh': [ '3.3.1' ],
194 silly audit   imurmurhash: [ '0.1.4' ],
194 silly audit   inflection: [ '3.0.2' ],
194 silly audit   'internal-slot': [ '1.1.0' ],
194 silly audit   'ipaddr.js': [ '2.2.0' ],
194 silly audit   'is-array-buffer': [ '3.0.5' ],
194 silly audit   'is-async-function': [ '2.1.1' ],
194 silly audit   'is-bigint': [ '1.1.0' ],
194 silly audit   'is-boolean-object': [ '1.2.2' ],
194 silly audit   'is-bun-module': [ '2.0.0' ],
194 silly audit   'is-callable': [ '1.2.7' ],
194 silly audit   'is-core-module': [ '2.16.1' ],
194 silly audit   'is-data-view': [ '1.0.2' ],
194 silly audit   'is-date-object': [ '1.1.0' ],
194 silly audit   'is-extglob': [ '2.1.1' ],
194 silly audit   'is-finalizationregistry': [ '1.1.1' ],
194 silly audit   'is-generator-function': [ '1.1.0' ],
194 silly audit   'is-glob': [ '4.0.3' ],
194 silly audit   'is-map': [ '2.0.3' ],
194 silly audit   'is-number': [ '7.0.0' ],
194 silly audit   'is-number-object': [ '1.1.1' ],
194 silly audit   'is-regex': [ '1.2.1' ],
194 silly audit   'is-set': [ '2.0.3' ],
194 silly audit   'is-shared-array-buffer': [ '1.0.4' ],
194 silly audit   'is-string': [ '1.1.1' ],
194 silly audit   'is-symbol': [ '1.1.1' ],
194 silly audit   'is-typed-array': [ '1.1.15' ],
194 silly audit   'is-weakmap': [ '2.0.2' ],
194 silly audit   'is-weakref': [ '1.1.1' ],
194 silly audit   'is-weakset': [ '2.0.4' ],
194 silly audit   isarray: [ '2.0.5' ],
194 silly audit   isexe: [ '2.0.0' ],
194 silly audit   'iterator.prototype': [ '1.1.5' ],
194 silly audit   jiti: [ '2.4.2' ],
194 silly audit   'js-tokens': [ '4.0.0' ],
194 silly audit   'js-yaml': [ '4.1.0' ],
194 silly audit   'json-buffer': [ '3.0.1' ],
194 silly audit   'json-schema-traverse': [ '0.4.1' ],
194 silly audit   'json-server': [ '1.0.0-beta.3' ],
194 silly audit   'json-stable-stringify-without-jsonify': [ '1.0.1' ],
194 silly audit   'jsx-ast-utils': [ '3.3.5' ],
194 silly audit   keyv: [ '4.5.4' ],
194 silly audit   'language-subtag-registry': [ '0.3.23' ],
194 silly audit   'language-tags': [ '1.0.9' ],
194 silly audit   levn: [ '0.4.1' ],
194 silly audit   lightningcss: [ '1.30.1' ],
194 silly audit   'lightningcss-darwin-arm64': [ '1.30.1' ],
194 silly audit   'lightningcss-darwin-x64': [ '1.30.1' ],
194 silly audit   'lightningcss-freebsd-x64': [ '1.30.1' ],
194 silly audit   'lightningcss-linux-arm-gnueabihf': [ '1.30.1' ],
194 silly audit   'lightningcss-linux-arm64-gnu': [ '1.30.1' ],
194 silly audit   'lightningcss-linux-arm64-musl': [ '1.30.1' ],
194 silly audit   'lightningcss-linux-x64-gnu': [ '1.30.1' ],
194 silly audit   'lightningcss-linux-x64-musl': [ '1.30.1' ],
194 silly audit   'lightningcss-win32-arm64-msvc': [ '1.30.1' ],
194 silly audit   'lightningcss-win32-x64-msvc': [ '1.30.1' ],
194 silly audit   'locate-path': [ '6.0.0' ],
194 silly audit   'lodash.merge': [ '4.6.2' ],
194 silly audit   'loose-envify': [ '1.4.0' ],
194 silly audit   lowdb: [ '7.0.1' ],
194 silly audit   'magic-string': [ '0.30.17' ],
194 silly audit   'math-intrinsics': [ '1.1.0' ],
194 silly audit   merge2: [ '1.4.1' ],
194 silly audit   micromatch: [ '4.0.8' ],
194 silly audit   milliparsec: [ '4.0.0' ],
194 silly audit   mime: [ '4.0.4' ],
194 silly audit   minimist: [ '1.2.8' ],
194 silly audit   minipass: [ '7.1.2' ],
194 silly audit   minizlib: [ '3.0.2' ],
194 silly audit   motion: [ '12.12.1' ],
194 silly audit   'motion-dom': [ '12.12.1' ],
194 silly audit   'motion-utils': [ '12.12.1' ],
194 silly audit   mrmime: [ '2.0.1' ],
194 silly audit   ms: [ '2.1.3' ],
194 silly audit   nanoid: [ '3.3.11' ],
194 silly audit   'napi-postinstall': [ '0.2.4' ],
194 silly audit   'natural-compare': [ '1.4.0' ],
194 silly audit   negotiator: [ '0.6.4' ],
194 silly audit   next: [ '15.3.2' ],
194 silly audit   'next-themes': [ '0.4.6' ],
194 silly audit   '@swc/helpers': [ '0.5.15' ],
194 silly audit   postcss: [ '8.4.31', '8.5.3' ],
194 silly audit   'node-releases': [ '2.0.19' ],
194 silly audit   'normalize-range': [ '0.1.2' ],
194 silly audit   'object-assign': [ '4.1.1' ],
194 silly audit   'object-inspect': [ '1.13.4' ],
194 silly audit   'object-keys': [ '1.1.1' ],
194 silly audit   'object.assign': [ '4.1.7' ],
194 silly audit   'object.entries': [ '1.1.9' ],
194 silly audit   'object.fromentries': [ '2.0.8' ],
194 silly audit   'object.groupby': [ '1.0.3' ],
194 silly audit   'object.values': [ '1.2.1' ],
194 silly audit   optionator: [ '0.9.4' ],
194 silly audit   'own-keys': [ '1.0.1' ],
194 silly audit   'p-limit': [ '3.1.0' ],
194 silly audit   'p-locate': [ '5.0.0' ],
194 silly audit   'parent-module': [ '1.0.1' ],
194 silly audit   'path-exists': [ '4.0.0' ],
194 silly audit   'path-key': [ '3.1.1' ],
194 silly audit   'path-parse': [ '1.0.7' ],
194 silly audit   picocolors: [ '1.1.1' ],
194 silly audit   picomatch: [ '2.3.1', '4.0.2' ],
194 silly audit   'possible-typed-array-names': [ '1.1.0' ],
194 silly audit   'postcss-value-parser': [ '4.2.0' ],
194 silly audit   'prelude-ls': [ '1.2.1' ],
194 silly audit   'prop-types': [ '15.8.1' ],
194 silly audit   punycode: [ '2.3.1' ],
194 silly audit   'queue-microtask': [ '1.2.3' ],
194 silly audit   react: [ '19.1.0' ],
194 silly audit   'react-day-picker': [ '9.7.0' ],
194 silly audit   'react-dom': [ '19.1.0' ],
194 silly audit   'react-icons': [ '5.5.0' ],
194 silly audit   'react-is': [ '19.1.0' ],
194 silly audit   'react-number-format': [ '5.4.4' ],
194 silly audit   'react-redux': [ '9.2.0' ],
194 silly audit   'react-remove-scroll': [ '2.7.0' ],
194 silly audit   'react-remove-scroll-bar': [ '2.3.8' ],
194 silly audit   'react-router': [ '7.6.0' ],
194 silly audit   'react-router-dom': [ '7.6.0' ],
194 silly audit   cookie: [ '1.0.2' ],
194 silly audit   'react-style-singleton': [ '2.2.3' ],
194 silly audit   readdirp: [ '4.1.2' ],
194 silly audit   redux: [ '5.0.1' ],
194 silly audit   'redux-thunk': [ '3.1.0' ],
194 silly audit   'reflect.getprototypeof': [ '1.0.10' ],
194 silly audit   'regexp.prototype.flags': [ '1.5.4' ],
194 silly audit   regexparam: [ '2.0.2' ],
194 silly audit   reselect: [ '5.1.1' ],
194 silly audit   'resolve-from': [ '4.0.0' ],
194 silly audit   'resolve-pkg-maps': [ '1.0.0' ],
194 silly audit   reusify: [ '1.1.0' ],
194 silly audit   rollup: [ '4.41.0' ],
194 silly audit   'run-parallel': [ '1.2.0' ],
194 silly audit   'safe-array-concat': [ '1.1.3' ],
194 silly audit   'safe-push-apply': [ '1.0.0' ],
194 silly audit   'safe-regex-test': [ '1.1.0' ],
194 silly audit   scheduler: [ '0.26.0' ],
194 silly audit   'set-cookie-parser': [ '2.7.1' ],
194 silly audit   'set-function-length': [ '1.2.2' ],
194 silly audit   'set-function-name': [ '2.0.2' ],
194 silly audit   'set-proto': [ '1.0.0' ],
194 silly audit   sharp: [ '0.34.1' ],
194 silly audit   'shebang-command': [ '2.0.0' ],
194 silly audit   'shebang-regex': [ '3.0.0' ],
194 silly audit   'side-channel': [ '1.1.0' ],
194 silly audit   'side-channel-list': [ '1.0.0' ],
194 silly audit   'side-channel-map': [ '1.0.1' ],
194 silly audit   'side-channel-weakmap': [ '1.0.2' ],
194 silly audit   'simple-swizzle': [ '0.2.2' ],
194 silly audit   'is-arrayish': [ '0.3.2' ],
194 silly audit   sirv: [ '2.0.4' ],
194 silly audit   sonner: [ '2.0.3' ],
194 silly audit   'sort-on': [ '6.1.0' ],
194 silly audit   'source-map-js': [ '1.2.1' ],
194 silly audit   'stable-hash': [ '0.0.5' ],
194 silly audit   steno: [ '4.0.2' ],
194 silly audit   streamsearch: [ '1.1.0' ],
194 silly audit   'string.prototype.includes': [ '2.0.1' ],
194 silly audit   'string.prototype.matchall': [ '4.0.12' ],
194 silly audit   'string.prototype.repeat': [ '1.0.0' ],
194 silly audit   'string.prototype.trim': [ '1.2.10' ],
194 silly audit   'string.prototype.trimend': [ '1.0.9' ],
194 silly audit   'string.prototype.trimstart': [ '1.0.8' ],
194 silly audit   'strip-bom': [ '3.0.0' ],
194 silly audit   'strip-json-comments': [ '3.1.1' ],
194 silly audit   'styled-jsx': [ '5.1.6' ],
194 silly audit   'supports-color': [ '7.2.0' ],
194 silly audit   'supports-preserve-symlinks-flag': [ '1.0.0' ],
194 silly audit   'tailwind-merge': [ '3.3.0' ],
194 silly audit   tailwindcss: [ '4.1.7' ],
194 silly audit   tapable: [ '2.2.2' ],
194 silly audit   tar: [ '7.4.3' ],
194 silly audit   mkdirp: [ '3.0.1' ],
194 silly audit   yallist: [ '5.0.0' ],
194 silly audit   tinyglobby: [ '0.2.13' ],
194 silly audit   fdir: [ '6.4.4' ],
194 silly audit   'to-regex-range': [ '5.0.1' ],
194 silly audit   totalist: [ '3.0.1' ],
194 silly audit   'ts-api-utils': [ '2.1.0' ],
194 silly audit   tslib: [ '2.8.1' ],
194 silly audit   'tw-animate-css': [ '1.3.0' ],
194 silly audit   'type-check': [ '0.4.0' ],
194 silly audit   'type-fest': [ '4.41.0' ],
194 silly audit   'typed-array-buffer': [ '1.0.3' ],
194 silly audit   'typed-array-byte-length': [ '1.0.3' ],
194 silly audit   'typed-array-byte-offset': [ '1.0.4' ],
194 silly audit   'typed-array-length': [ '1.0.7' ],
194 silly audit   typescript: [ '5.8.3' ],
194 silly audit   'typescript-eslint': [ '8.32.1' ],
194 silly audit   'unbox-primitive': [ '1.1.0' ],
194 silly audit   'undici-types': [ '6.19.8' ],
194 silly audit   'unrs-resolver': [ '1.7.2' ],
194 silly audit   'update-browserslist-db': [ '1.1.3' ],
194 silly audit   'uri-js': [ '4.4.1' ],
194 silly audit   'use-callback-ref': [ '1.3.3' ],
194 silly audit   'use-sidecar': [ '1.1.3' ],
194 silly audit   'use-sync-external-store': [ '1.5.0' ],
194 silly audit   uuid: [ '11.1.0' ],
194 silly audit   vite: [ '6.3.5' ],
194 silly audit   which: [ '2.0.2' ],
194 silly audit   'which-boxed-primitive': [ '1.1.1' ],
194 silly audit   'which-builtin-type': [ '1.2.1' ],
194 silly audit   'which-collection': [ '1.0.2' ],
194 silly audit   'which-typed-array': [ '1.1.19' ],
194 silly audit   'word-wrap': [ '1.2.5' ],
194 silly audit   'yocto-queue': [ '0.1.0' ],
194 silly audit   'lucide-react': [ '0.511.0' ],
194 silly audit   recharts: [ '2.15.3' ],
194 silly audit   eventemitter3: [ '4.0.7' ],
194 silly audit   lodash: [ '4.17.21' ],
194 silly audit   'react-smooth': [ '4.0.4' ],
194 silly audit   'recharts-scale': [ '0.4.5' ],
194 silly audit   'tiny-invariant': [ '1.3.3' ],
194 silly audit   'victory-vendor': [ '36.9.2' ],
194 silly audit   'fast-equals': [ '5.2.2' ],
194 silly audit   'react-transition-group': [ '4.4.5' ],
194 silly audit   '@babel/runtime': [ '7.27.1' ],
194 silly audit   'dom-helpers': [ '5.2.1' ],
194 silly audit   'decimal.js-light': [ '2.5.1' ],
194 silly audit   '@types/d3-array': [ '3.2.1' ],
194 silly audit   '@types/d3-ease': [ '3.0.2' ],
194 silly audit   '@types/d3-interpolate': [ '3.0.4' ],
194 silly audit   '@types/d3-scale': [ '4.0.9' ],
194 silly audit   '@types/d3-shape': [ '3.1.7' ],
194 silly audit   '@types/d3-time': [ '3.0.4' ],
194 silly audit   '@types/d3-timer': [ '3.0.2' ],
194 silly audit   'd3-array': [ '3.2.4' ],
194 silly audit   'd3-ease': [ '3.0.1' ],
194 silly audit   'd3-interpolate': [ '3.0.1' ],
194 silly audit   'd3-scale': [ '4.0.2' ],
194 silly audit   'd3-shape': [ '3.2.0' ],
194 silly audit   'd3-time': [ '3.1.0' ],
194 silly audit   'd3-timer': [ '3.0.1' ],
194 silly audit   '@types/d3-color': [ '3.1.3' ],
194 silly audit   '@types/d3-path': [ '3.1.1' ],
194 silly audit   internmap: [ '2.0.3' ],
194 silly audit   'd3-color': [ '3.1.0' ],
194 silly audit   'd3-format': [ '3.1.0' ],
194 silly audit   'd3-time-format': [ '4.1.0' ],
194 silly audit   'd3-path': [ '3.1.0' ]
194 silly audit }
195 http cache d3-format@https://registry.npmjs.org/d3-format/-/d3-format-3.1.0.tgz 0ms (cache hit)
196 http cache d3-path@https://registry.npmjs.org/d3-path/-/d3-path-3.1.0.tgz 0ms (cache hit)
197 http cache d3-time-format@https://registry.npmjs.org/d3-time-format/-/d3-time-format-4.1.0.tgz 0ms (cache hit)
198 http cache d3-color@https://registry.npmjs.org/d3-color/-/d3-color-3.1.0.tgz 0ms (cache hit)
199 http cache internmap@https://registry.npmjs.org/internmap/-/internmap-2.0.3.tgz 0ms (cache hit)
200 http cache @types/d3-path@https://registry.npmjs.org/@types/d3-path/-/d3-path-3.1.1.tgz 0ms (cache hit)
201 http cache @types/d3-color@https://registry.npmjs.org/@types/d3-color/-/d3-color-3.1.3.tgz 0ms (cache hit)
202 http cache d3-timer@https://registry.npmjs.org/d3-timer/-/d3-timer-3.0.1.tgz 0ms (cache hit)
203 http cache d3-time@https://registry.npmjs.org/d3-time/-/d3-time-3.1.0.tgz 0ms (cache hit)
204 http cache d3-interpolate@https://registry.npmjs.org/d3-interpolate/-/d3-interpolate-3.0.1.tgz 0ms (cache hit)
205 http cache d3-shape@https://registry.npmjs.org/d3-shape/-/d3-shape-3.2.0.tgz 0ms (cache hit)
206 http cache d3-scale@https://registry.npmjs.org/d3-scale/-/d3-scale-4.0.2.tgz 0ms (cache hit)
207 http cache d3-ease@https://registry.npmjs.org/d3-ease/-/d3-ease-3.0.1.tgz 0ms (cache hit)
208 http cache d3-array@https://registry.npmjs.org/d3-array/-/d3-array-3.2.4.tgz 0ms (cache hit)
209 http cache @types/d3-timer@https://registry.npmjs.org/@types/d3-timer/-/d3-timer-3.0.2.tgz 1ms (cache hit)
210 http cache @types/d3-time@https://registry.npmjs.org/@types/d3-time/-/d3-time-3.0.4.tgz 0ms (cache hit)
211 http cache @types/d3-shape@https://registry.npmjs.org/@types/d3-shape/-/d3-shape-3.1.7.tgz 0ms (cache hit)
212 http cache @types/d3-scale@https://registry.npmjs.org/@types/d3-scale/-/d3-scale-4.0.9.tgz 0ms (cache hit)
213 http cache @types/d3-interpolate@https://registry.npmjs.org/@types/d3-interpolate/-/d3-interpolate-3.0.4.tgz 0ms (cache hit)
214 http cache @types/d3-ease@https://registry.npmjs.org/@types/d3-ease/-/d3-ease-3.0.2.tgz 0ms (cache hit)
215 http cache @types/d3-array@https://registry.npmjs.org/@types/d3-array/-/d3-array-3.2.1.tgz 0ms (cache hit)
216 http cache decimal.js-light@https://registry.npmjs.org/decimal.js-light/-/decimal.js-light-2.5.1.tgz 0ms (cache hit)
217 http cache dom-helpers@https://registry.npmjs.org/dom-helpers/-/dom-helpers-5.2.1.tgz 0ms (cache hit)
218 http cache @babel/runtime@https://registry.npmjs.org/@babel/runtime/-/runtime-7.27.1.tgz 0ms (cache hit)
219 http cache react-transition-group@https://registry.npmjs.org/react-transition-group/-/react-transition-group-4.4.5.tgz 0ms (cache hit)
220 http cache fast-equals@https://registry.npmjs.org/fast-equals/-/fast-equals-5.2.2.tgz 0ms (cache hit)
221 http cache victory-vendor@https://registry.npmjs.org/victory-vendor/-/victory-vendor-36.9.2.tgz 0ms (cache hit)
222 http cache recharts-scale@https://registry.npmjs.org/recharts-scale/-/recharts-scale-0.4.5.tgz 0ms (cache hit)
223 http cache tiny-invariant@https://registry.npmjs.org/tiny-invariant/-/tiny-invariant-1.3.3.tgz 0ms (cache hit)
224 http cache react-smooth@https://registry.npmjs.org/react-smooth/-/react-smooth-4.0.4.tgz 0ms (cache hit)
225 http cache eventemitter3@https://registry.npmjs.org/eventemitter3/-/eventemitter3-4.0.7.tgz 0ms (cache hit)
226 http cache lodash@https://registry.npmjs.org/lodash/-/lodash-4.17.21.tgz 0ms (cache hit)
227 http cache recharts@https://registry.npmjs.org/recharts/-/recharts-2.15.3.tgz 0ms (cache hit)
228 silly tarball no local data for d3-format@https://registry.npmjs.org/d3-format/-/d3-format-3.1.0.tgz. Extracting by manifest.
229 silly tarball no local data for d3-path@https://registry.npmjs.org/d3-path/-/d3-path-3.1.0.tgz. Extracting by manifest.
230 silly tarball no local data for d3-time-format@https://registry.npmjs.org/d3-time-format/-/d3-time-format-4.1.0.tgz. Extracting by manifest.
231 silly tarball no local data for d3-color@https://registry.npmjs.org/d3-color/-/d3-color-3.1.0.tgz. Extracting by manifest.
232 silly tarball no local data for internmap@https://registry.npmjs.org/internmap/-/internmap-2.0.3.tgz. Extracting by manifest.
233 silly tarball no local data for @types/d3-path@https://registry.npmjs.org/@types/d3-path/-/d3-path-3.1.1.tgz. Extracting by manifest.
234 silly tarball no local data for @types/d3-color@https://registry.npmjs.org/@types/d3-color/-/d3-color-3.1.3.tgz. Extracting by manifest.
235 silly tarball no local data for d3-timer@https://registry.npmjs.org/d3-timer/-/d3-timer-3.0.1.tgz. Extracting by manifest.
236 silly tarball no local data for d3-time@https://registry.npmjs.org/d3-time/-/d3-time-3.1.0.tgz. Extracting by manifest.
237 silly tarball no local data for d3-interpolate@https://registry.npmjs.org/d3-interpolate/-/d3-interpolate-3.0.1.tgz. Extracting by manifest.
238 silly tarball no local data for d3-shape@https://registry.npmjs.org/d3-shape/-/d3-shape-3.2.0.tgz. Extracting by manifest.
239 silly tarball no local data for d3-scale@https://registry.npmjs.org/d3-scale/-/d3-scale-4.0.2.tgz. Extracting by manifest.
240 silly tarball no local data for d3-ease@https://registry.npmjs.org/d3-ease/-/d3-ease-3.0.1.tgz. Extracting by manifest.
241 silly tarball no local data for d3-array@https://registry.npmjs.org/d3-array/-/d3-array-3.2.4.tgz. Extracting by manifest.
242 silly tarball no local data for @types/d3-timer@https://registry.npmjs.org/@types/d3-timer/-/d3-timer-3.0.2.tgz. Extracting by manifest.
243 silly tarball no local data for @types/d3-time@https://registry.npmjs.org/@types/d3-time/-/d3-time-3.0.4.tgz. Extracting by manifest.
244 silly tarball no local data for @types/d3-shape@https://registry.npmjs.org/@types/d3-shape/-/d3-shape-3.1.7.tgz. Extracting by manifest.
245 silly tarball no local data for @types/d3-scale@https://registry.npmjs.org/@types/d3-scale/-/d3-scale-4.0.9.tgz. Extracting by manifest.
246 silly tarball no local data for @types/d3-interpolate@https://registry.npmjs.org/@types/d3-interpolate/-/d3-interpolate-3.0.4.tgz. Extracting by manifest.
247 silly tarball no local data for @types/d3-ease@https://registry.npmjs.org/@types/d3-ease/-/d3-ease-3.0.2.tgz. Extracting by manifest.
248 silly tarball no local data for @types/d3-array@https://registry.npmjs.org/@types/d3-array/-/d3-array-3.2.1.tgz. Extracting by manifest.
249 silly tarball no local data for decimal.js-light@https://registry.npmjs.org/decimal.js-light/-/decimal.js-light-2.5.1.tgz. Extracting by manifest.
250 silly tarball no local data for dom-helpers@https://registry.npmjs.org/dom-helpers/-/dom-helpers-5.2.1.tgz. Extracting by manifest.
251 silly tarball no local data for @babel/runtime@https://registry.npmjs.org/@babel/runtime/-/runtime-7.27.1.tgz. Extracting by manifest.
252 silly tarball no local data for react-transition-group@https://registry.npmjs.org/react-transition-group/-/react-transition-group-4.4.5.tgz. Extracting by manifest.
253 silly tarball no local data for fast-equals@https://registry.npmjs.org/fast-equals/-/fast-equals-5.2.2.tgz. Extracting by manifest.
254 silly tarball no local data for victory-vendor@https://registry.npmjs.org/victory-vendor/-/victory-vendor-36.9.2.tgz. Extracting by manifest.
255 silly tarball no local data for recharts-scale@https://registry.npmjs.org/recharts-scale/-/recharts-scale-0.4.5.tgz. Extracting by manifest.
256 silly tarball no local data for tiny-invariant@https://registry.npmjs.org/tiny-invariant/-/tiny-invariant-1.3.3.tgz. Extracting by manifest.
257 silly tarball no local data for react-smooth@https://registry.npmjs.org/react-smooth/-/react-smooth-4.0.4.tgz. Extracting by manifest.
258 silly tarball no local data for eventemitter3@https://registry.npmjs.org/eventemitter3/-/eventemitter3-4.0.7.tgz. Extracting by manifest.
259 silly tarball no local data for lodash@https://registry.npmjs.org/lodash/-/lodash-4.17.21.tgz. Extracting by manifest.
260 silly tarball no local data for recharts@https://registry.npmjs.org/recharts/-/recharts-2.15.3.tgz. Extracting by manifest.
261 http fetch GET 200 https://registry.npmjs.org/d3-path/-/d3-path-3.1.0.tgz 248ms (cache miss)
262 http fetch GET 200 https://registry.npmjs.org/d3-format/-/d3-format-3.1.0.tgz 268ms (cache miss)
263 http fetch GET 200 https://registry.npmjs.org/@types/d3-timer/-/d3-timer-3.0.2.tgz 471ms (cache miss)
264 http fetch POST 200 https://registry.npmjs.org/-/npm/v1/security/advisories/bulk 561ms
265 silly audit report {}
266 http fetch GET 200 https://registry.npmjs.org/@types/d3-time/-/d3-time-3.0.4.tgz 504ms (cache miss)
267 http fetch GET 200 https://registry.npmjs.org/@types/d3-scale/-/d3-scale-4.0.9.tgz 687ms (cache miss)
268 http fetch GET 200 https://registry.npmjs.org/@types/d3-shape/-/d3-shape-3.1.7.tgz 710ms (cache miss)
269 http fetch GET 200 https://registry.npmjs.org/@types/d3-interpolate/-/d3-interpolate-3.0.4.tgz 768ms (cache miss)
270 http fetch GET 200 https://registry.npmjs.org/@types/d3-path/-/d3-path-3.1.1.tgz 827ms (cache miss)
271 http fetch GET 200 https://registry.npmjs.org/internmap/-/internmap-2.0.3.tgz 932ms (cache miss)
272 http fetch GET 200 https://registry.npmjs.org/@types/d3-ease/-/d3-ease-3.0.2.tgz 1149ms (cache miss)
273 http fetch GET 200 https://registry.npmjs.org/@types/d3-array/-/d3-array-3.2.1.tgz 1232ms (cache miss)
274 http fetch GET 200 https://registry.npmjs.org/@types/d3-color/-/d3-color-3.1.3.tgz 1262ms (cache miss)
275 http fetch GET 200 https://registry.npmjs.org/d3-timer/-/d3-timer-3.0.1.tgz 1629ms (cache miss)
276 http fetch GET 200 https://registry.npmjs.org/eventemitter3/-/eventemitter3-4.0.7.tgz 1624ms (cache miss)
277 http fetch GET 200 https://registry.npmjs.org/decimal.js-light/-/decimal.js-light-2.5.1.tgz 1882ms (cache miss)
278 http fetch GET 200 https://registry.npmjs.org/d3-color/-/d3-color-3.1.0.tgz 1952ms (cache miss)
279 http fetch GET 200 https://registry.npmjs.org/d3-ease/-/d3-ease-3.0.1.tgz 2160ms (cache miss)
280 http fetch GET 200 https://registry.npmjs.org/tiny-invariant/-/tiny-invariant-1.3.3.tgz 2160ms (cache miss)
281 http fetch GET 200 https://registry.npmjs.org/d3-time/-/d3-time-3.1.0.tgz 2182ms (cache miss)
282 http fetch GET 200 https://registry.npmjs.org/recharts-scale/-/recharts-scale-0.4.5.tgz 2366ms (cache miss)
283 http fetch GET 200 https://registry.npmjs.org/d3-interpolate/-/d3-interpolate-3.0.1.tgz 2443ms (cache miss)
284 http fetch GET 200 https://registry.npmjs.org/d3-scale/-/d3-scale-4.0.2.tgz 2527ms (cache miss)
285 http fetch GET 200 https://registry.npmjs.org/d3-time-format/-/d3-time-format-4.1.0.tgz 2918ms (cache miss)
286 http fetch GET 200 https://registry.npmjs.org/react-transition-group/-/react-transition-group-4.4.5.tgz 3047ms (cache miss)
287 http fetch GET 200 https://registry.npmjs.org/react-smooth/-/react-smooth-4.0.4.tgz 3147ms (cache miss)
288 http fetch GET 200 https://registry.npmjs.org/d3-array/-/d3-array-3.2.4.tgz 3537ms (cache miss)
289 http fetch GET 200 https://registry.npmjs.org/fast-equals/-/fast-equals-5.2.2.tgz 3627ms (cache miss)
290 http fetch GET 200 https://registry.npmjs.org/d3-shape/-/d3-shape-3.2.0.tgz 3681ms (cache miss)
291 http fetch GET 200 https://registry.npmjs.org/@babel/runtime/-/runtime-7.27.1.tgz 5194ms (cache miss)
292 http fetch GET 200 https://registry.npmjs.org/dom-helpers/-/dom-helpers-5.2.1.tgz 5540ms (cache miss)
293 http fetch GET 200 https://registry.npmjs.org/victory-vendor/-/victory-vendor-36.9.2.tgz 5917ms (cache miss)
294 http fetch GET 200 https://registry.npmjs.org/recharts/-/recharts-2.15.3.tgz 6394ms (cache miss)
295 http fetch GET 200 https://registry.npmjs.org/lodash/-/lodash-4.17.21.tgz 9713ms (cache miss)
296 silly ADD node_modules/d3-path
297 silly ADD node_modules/d3-time-format
298 silly ADD node_modules/d3-format
299 silly ADD node_modules/d3-color
300 silly ADD node_modules/internmap
301 silly ADD node_modules/@types/d3-path
302 silly ADD node_modules/@types/d3-color
303 silly ADD node_modules/d3-timer
304 silly ADD node_modules/d3-time
305 silly ADD node_modules/d3-shape
306 silly ADD node_modules/d3-scale
307 silly ADD node_modules/d3-interpolate
308 silly ADD node_modules/d3-ease
309 silly ADD node_modules/d3-array
310 silly ADD node_modules/@types/d3-timer
311 silly ADD node_modules/@types/d3-time
312 silly ADD node_modules/@types/d3-shape
313 silly ADD node_modules/@types/d3-scale
314 silly ADD node_modules/@types/d3-interpolate
315 silly ADD node_modules/@types/d3-ease
316 silly ADD node_modules/@types/d3-array
317 silly ADD node_modules/decimal.js-light
318 silly ADD node_modules/dom-helpers
319 silly ADD node_modules/@babel/runtime
320 silly ADD node_modules/react-transition-group
321 silly ADD node_modules/fast-equals
322 silly ADD node_modules/victory-vendor
323 silly ADD node_modules/tiny-invariant
324 silly ADD node_modules/recharts-scale
325 silly ADD node_modules/react-smooth
326 silly ADD node_modules/lodash
327 silly ADD node_modules/eventemitter3
328 silly ADD node_modules/recharts
329 verbose cwd C:\Users\hp\OneDrive - Nigerian National Petroleum Company Limited\Documents\eta_project
330 verbose os Windows_NT 10.0.19045
331 verbose node v22.11.0
332 verbose npm  v11.4.0
333 verbose exit 0
334 info ok
