0 verbose cli C:\Program Files\nodejs\node.exe C:\Users\hp\AppData\Roaming\npm\node_modules\npm\bin\npm-cli.js
1 info using npm@11.4.0
2 info using node@v22.11.0
3 silly config load:file:C:\Users\hp\AppData\Roaming\npm\node_modules\npm\npmrc
4 warn invalid config cache=false set in command line options
5 warn invalid config Must be valid filesystem path
6 silly config load:file:C:\Users\hp\OneDrive - Nigerian National Petroleum Company Limited\Documents\eta_project\.npmrc
7 silly config load:file:C:\Users\hp\.npmrc
8 silly config load:file:C:\Users\hp\AppData\Roaming\npm\etc\npmrc
9 verbose title npm run lint
10 verbose argv "run" "lint" "--no-cache"
11 verbose logfile logs-max:10 dir:C:\Users\hp\OneDrive - Nigerian National Petroleum Company Limited\Documents\eta_project\clean\_logs\2025-05-21T17_06_37_723Z-
12 verbose logfile C:\Users\hp\OneDrive - Nigerian National Petroleum Company Limited\Documents\eta_project\clean\_logs\2025-05-21T17_06_37_723Z-debug-0.log
13 silly logfile done cleaning log files
14 verbose cwd C:\Users\hp\OneDrive - Nigerian National Petroleum Company Limited\Documents\eta_project
15 verbose os Windows_NT 10.0.19045
16 verbose node v22.11.0
17 verbose npm  v11.4.0
18 verbose exit 1
19 verbose code 1
