0 verbose cli C:\Program Files\nodejs\node.exe C:\Users\hp\AppData\Roaming\npm\node_modules\npm\bin\npm-cli.js
1 info using npm@11.4.0
2 info using node@v22.11.0
3 silly config load:file:C:\Users\hp\AppData\Roaming\npm\node_modules\npm\npmrc
4 silly config load:file:C:\Users\hp\OneDrive - Nigerian National Petroleum Company Limited\Documents\eta_project\.npmrc
5 silly config load:file:C:\Users\hp\.npmrc
6 silly config load:file:C:\Users\hp\AppData\Roaming\npm\etc\npmrc
7 verbose title npm cache clean
8 verbose argv "cache" "clean" "--force"
9 verbose logfile logs-max:10 dir:C:\Users\hp\OneDrive - Nigerian National Petroleum Company Limited\Documents\eta_project\clean\_logs\2025-05-21T06_05_42_323Z-
10 verbose logfile C:\Users\hp\OneDrive - Nigerian National Petroleum Company Limited\Documents\eta_project\clean\_logs\2025-05-21T06_05_42_323Z-debug-0.log
11 warn using --force Recommended protections disabled.
12 silly logfile start cleaning logs, removing 1 files
13 silly logfile done cleaning log files
14 verbose cwd C:\Users\hp\OneDrive - Nigerian National Petroleum Company Limited\Documents\eta_project
15 verbose os Windows_NT 10.0.19045
16 verbose node v22.11.0
17 verbose npm  v11.4.0
18 verbose exit 0
19 info ok
